{"/workspaces/corticai/app/examples/attribute-index-integration.ts": {"path":"/workspaces/corticai/app/examples/attribute-index-integration.ts","all":true,"statementMap":{"5":{"start":{"line":6,"column":0},"end":{"line":6,"column":84}},"6":{"start":{"line":7,"column":0},"end":{"line":7,"column":63}},"9":{"start":{"line":10,"column":0},"end":{"line":10,"column":41}},"11":{"start":{"line":12,"column":0},"end":{"line":12,"column":49}},"12":{"start":{"line":13,"column":0},"end":{"line":13,"column":37}},"15":{"start":{"line":16,"column":0},"end":{"line":16,"column":27}},"40":{"start":{"line":41,"column":0},"end":{"line":41,"column":34}},"41":{"start":{"line":42,"column":0},"end":{"line":42,"column":28}},"42":{"start":{"line":43,"column":0},"end":{"line":43,"column":26}},"43":{"start":{"line":44,"column":0},"end":{"line":44,"column":20}},"44":{"start":{"line":45,"column":0},"end":{"line":45,"column":4}},"46":{"start":{"line":47,"column":0},"end":{"line":47,"column":62}},"47":{"start":{"line":48,"column":0},"end":{"line":48,"column":75}},"50":{"start":{"line":51,"column":0},"end":{"line":51,"column":30}},"52":{"start":{"line":53,"column":0},"end":{"line":53,"column":55}},"53":{"start":{"line":54,"column":0},"end":{"line":54,"column":55}},"56":{"start":{"line":57,"column":0},"end":{"line":57,"column":26}},"57":{"start":{"line":58,"column":0},"end":{"line":58,"column":65}},"58":{"start":{"line":59,"column":0},"end":{"line":59,"column":34}},"59":{"start":{"line":60,"column":0},"end":{"line":60,"column":52}},"60":{"start":{"line":61,"column":0},"end":{"line":61,"column":9}},"61":{"start":{"line":62,"column":0},"end":{"line":62,"column":9}},"62":{"start":{"line":63,"column":0},"end":{"line":63,"column":5}},"65":{"start":{"line":66,"column":0},"end":{"line":66,"column":25}},"66":{"start":{"line":67,"column":0},"end":{"line":67,"column":76}},"69":{"start":{"line":70,"column":0},"end":{"line":70,"column":43}},"70":{"start":{"line":71,"column":0},"end":{"line":71,"column":55}},"71":{"start":{"line":72,"column":0},"end":{"line":72,"column":7}},"74":{"start":{"line":75,"column":0},"end":{"line":75,"column":46}},"75":{"start":{"line":76,"column":0},"end":{"line":76,"column":52}},"76":{"start":{"line":77,"column":0},"end":{"line":77,"column":17}},"77":{"start":{"line":78,"column":0},"end":{"line":78,"column":29}},"78":{"start":{"line":79,"column":0},"end":{"line":79,"column":59}},"79":{"start":{"line":80,"column":0},"end":{"line":80,"column":11}},"80":{"start":{"line":81,"column":0},"end":{"line":81,"column":7}},"81":{"start":{"line":82,"column":0},"end":{"line":82,"column":5}},"82":{"start":{"line":83,"column":0},"end":{"line":83,"column":5}},"85":{"start":{"line":86,"column":0},"end":{"line":86,"column":42}},"88":{"start":{"line":89,"column":0},"end":{"line":89,"column":60}},"89":{"start":{"line":90,"column":0},"end":{"line":90,"column":50}},"90":{"start":{"line":91,"column":0},"end":{"line":91,"column":26}},"91":{"start":{"line":92,"column":0},"end":{"line":92,"column":51}},"92":{"start":{"line":93,"column":0},"end":{"line":93,"column":39}},"93":{"start":{"line":94,"column":0},"end":{"line":94,"column":5}},"94":{"start":{"line":95,"column":0},"end":{"line":95,"column":16}},"97":{"start":{"line":98,"column":0},"end":{"line":98,"column":58}},"98":{"start":{"line":99,"column":0},"end":{"line":99,"column":63}},"101":{"start":{"line":102,"column":0},"end":{"line":102,"column":58}},"102":{"start":{"line":103,"column":0},"end":{"line":103,"column":67}},"105":{"start":{"line":106,"column":0},"end":{"line":106,"column":49}},"106":{"start":{"line":107,"column":0},"end":{"line":107,"column":64}},"107":{"start":{"line":108,"column":0},"end":{"line":108,"column":56}},"108":{"start":{"line":109,"column":0},"end":{"line":109,"column":12}},"109":{"start":{"line":110,"column":0},"end":{"line":110,"column":65}},"112":{"start":{"line":113,"column":0},"end":{"line":113,"column":61}},"113":{"start":{"line":114,"column":0},"end":{"line":114,"column":82}},"116":{"start":{"line":117,"column":0},"end":{"line":117,"column":38}},"117":{"start":{"line":118,"column":0},"end":{"line":118,"column":42}},"118":{"start":{"line":119,"column":0},"end":{"line":119,"column":56}},"119":{"start":{"line":120,"column":0},"end":{"line":120,"column":60}},"120":{"start":{"line":121,"column":0},"end":{"line":121,"column":52}},"121":{"start":{"line":122,"column":0},"end":{"line":122,"column":97}},"124":{"start":{"line":125,"column":0},"end":{"line":125,"column":40}},"125":{"start":{"line":126,"column":0},"end":{"line":126,"column":50}},"126":{"start":{"line":127,"column":0},"end":{"line":127,"column":1}},"129":{"start":{"line":130,"column":0},"end":{"line":130,"column":30}},"130":{"start":{"line":131,"column":0},"end":{"line":131,"column":48}},"131":{"start":{"line":132,"column":0},"end":{"line":132,"column":1}}},"s":{"5":0,"6":0,"9":0,"11":0,"12":0,"15":0,"40":0,"41":0,"42":0,"43":0,"44":0,"46":0,"47":0,"50":0,"52":0,"53":0,"56":0,"57":0,"58":0,"59":0,"60":0,"61":0,"62":0,"65":0,"66":0,"69":0,"70":0,"71":0,"74":0,"75":0,"76":0,"77":0,"78":0,"79":0,"80":0,"81":0,"82":0,"85":0,"88":0,"89":0,"90":0,"91":0,"92":0,"93":0,"94":0,"97":0,"98":0,"101":0,"102":0,"105":0,"106":0,"107":0,"108":0,"109":0,"112":0,"113":0,"116":0,"117":0,"118":0,"119":0,"120":0,"121":0,"124":0,"125":0,"126":0,"129":0,"130":0,"131":0},"branchMap":{"0":{"type":"branch","line":1,"loc":{"start":{"line":1,"column":4074},"end":{"line":134,"column":34}},"locations":[{"start":{"line":1,"column":4074},"end":{"line":134,"column":34}}]}},"b":{"0":[1]},"fnMap":{"0":{"name":"(empty-report)","decl":{"start":{"line":1,"column":4074},"end":{"line":134,"column":34}},"loc":{"start":{"line":1,"column":4074},"end":{"line":134,"column":34}},"line":1}},"f":{"0":1}}
,"/workspaces/corticai/app/src/adapters/UniversalFallbackAdapter.ts": {"path":"/workspaces/corticai/app/src/adapters/UniversalFallbackAdapter.ts","all":false,"statementMap":{"17":{"start":{"line":18,"column":0},"end":{"line":18,"column":64}},"18":{"start":{"line":19,"column":0},"end":{"line":19,"column":28}},"19":{"start":{"line":20,"column":0},"end":{"line":20,"column":52}},"22":{"start":{"line":23,"column":0},"end":{"line":23,"column":51}},"23":{"start":{"line":24,"column":0},"end":{"line":24,"column":47}},"28":{"start":{"line":29,"column":0},"end":{"line":29,"column":32}},"29":{"start":{"line":30,"column":0},"end":{"line":30,"column":58}},"30":{"start":{"line":31,"column":0},"end":{"line":31,"column":3}},"35":{"start":{"line":36,"column":0},"end":{"line":36,"column":62}},"36":{"start":{"line":37,"column":0},"end":{"line":37,"column":34}},"39":{"start":{"line":40,"column":0},"end":{"line":40,"column":27}},"40":{"start":{"line":41,"column":0},"end":{"line":41,"column":27}},"43":{"start":{"line":44,"column":0},"end":{"line":44,"column":41}},"44":{"start":{"line":45,"column":0},"end":{"line":45,"column":36}},"45":{"start":{"line":46,"column":0},"end":{"line":46,"column":21}},"46":{"start":{"line":47,"column":0},"end":{"line":47,"column":23}},"47":{"start":{"line":48,"column":0},"end":{"line":48,"column":30}},"48":{"start":{"line":49,"column":0},"end":{"line":49,"column":23}},"49":{"start":{"line":50,"column":0},"end":{"line":50,"column":17}},"50":{"start":{"line":51,"column":0},"end":{"line":51,"column":36}},"51":{"start":{"line":52,"column":0},"end":{"line":52,"column":35}},"52":{"start":{"line":53,"column":0},"end":{"line":53,"column":52}},"53":{"start":{"line":54,"column":0},"end":{"line":54,"column":8}},"54":{"start":{"line":55,"column":0},"end":{"line":55,"column":23}},"55":{"start":{"line":56,"column":0},"end":{"line":56,"column":6}},"56":{"start":{"line":57,"column":0},"end":{"line":57,"column":34}},"59":{"start":{"line":60,"column":0},"end":{"line":60,"column":26}},"60":{"start":{"line":61,"column":0},"end":{"line":61,"column":22}},"61":{"start":{"line":62,"column":0},"end":{"line":62,"column":5}},"64":{"start":{"line":65,"column":0},"end":{"line":65,"column":39}},"65":{"start":{"line":66,"column":0},"end":{"line":66,"column":66}},"66":{"start":{"line":67,"column":0},"end":{"line":67,"column":12}},"67":{"start":{"line":68,"column":0},"end":{"line":68,"column":67}},"68":{"start":{"line":69,"column":0},"end":{"line":69,"column":5}},"71":{"start":{"line":72,"column":0},"end":{"line":72,"column":58}},"74":{"start":{"line":75,"column":0},"end":{"line":75,"column":38}},"76":{"start":{"line":77,"column":0},"end":{"line":77,"column":20}},"77":{"start":{"line":78,"column":0},"end":{"line":78,"column":3}},"82":{"start":{"line":83,"column":0},"end":{"line":83,"column":35}},"83":{"start":{"line":84,"column":0},"end":{"line":84,"column":21}},"84":{"start":{"line":85,"column":0},"end":{"line":85,"column":24}},"85":{"start":{"line":86,"column":0},"end":{"line":86,"column":22}},"86":{"start":{"line":87,"column":0},"end":{"line":87,"column":11}},"88":{"start":{"line":89,"column":0},"end":{"line":89,"column":82}},"91":{"start":{"line":92,"column":0},"end":{"line":92,"column":40}},"92":{"start":{"line":93,"column":0},"end":{"line":93,"column":23}},"93":{"start":{"line":94,"column":0},"end":{"line":94,"column":25}},"94":{"start":{"line":95,"column":0},"end":{"line":95,"column":33}},"96":{"start":{"line":97,"column":0},"end":{"line":97,"column":24}},"98":{"start":{"line":99,"column":0},"end":{"line":99,"column":45}},"99":{"start":{"line":100,"column":0},"end":{"line":100,"column":57}},"100":{"start":{"line":101,"column":0},"end":{"line":101,"column":44}},"102":{"start":{"line":103,"column":0},"end":{"line":103,"column":33}},"103":{"start":{"line":104,"column":0},"end":{"line":104,"column":24}},"104":{"start":{"line":105,"column":0},"end":{"line":105,"column":26}},"105":{"start":{"line":106,"column":0},"end":{"line":106,"column":106}},"106":{"start":{"line":107,"column":0},"end":{"line":107,"column":31}},"107":{"start":{"line":108,"column":0},"end":{"line":108,"column":19}},"108":{"start":{"line":109,"column":0},"end":{"line":109,"column":65}},"109":{"start":{"line":110,"column":0},"end":{"line":110,"column":10}},"110":{"start":{"line":111,"column":0},"end":{"line":111,"column":24}},"111":{"start":{"line":112,"column":0},"end":{"line":112,"column":49}},"112":{"start":{"line":113,"column":0},"end":{"line":113,"column":9}},"113":{"start":{"line":114,"column":0},"end":{"line":114,"column":8}},"115":{"start":{"line":116,"column":0},"end":{"line":116,"column":31}},"118":{"start":{"line":119,"column":0},"end":{"line":119,"column":58}},"119":{"start":{"line":120,"column":0},"end":{"line":120,"column":37}},"120":{"start":{"line":121,"column":0},"end":{"line":121,"column":74}},"121":{"start":{"line":122,"column":0},"end":{"line":122,"column":7}},"123":{"start":{"line":124,"column":0},"end":{"line":124,"column":101}},"124":{"start":{"line":125,"column":0},"end":{"line":125,"column":5}},"125":{"start":{"line":126,"column":0},"end":{"line":126,"column":3}},"130":{"start":{"line":131,"column":0},"end":{"line":131,"column":34}},"131":{"start":{"line":132,"column":0},"end":{"line":132,"column":21}},"132":{"start":{"line":133,"column":0},"end":{"line":133,"column":24}},"133":{"start":{"line":134,"column":0},"end":{"line":134,"column":22}},"134":{"start":{"line":135,"column":0},"end":{"line":135,"column":11}},"135":{"start":{"line":136,"column":0},"end":{"line":136,"column":38}},"136":{"start":{"line":137,"column":0},"end":{"line":137,"column":24}},"137":{"start":{"line":138,"column":0},"end":{"line":138,"column":25}},"138":{"start":{"line":139,"column":0},"end":{"line":139,"column":23}},"139":{"start":{"line":140,"column":0},"end":{"line":140,"column":44}},"141":{"start":{"line":142,"column":0},"end":{"line":142,"column":44}},"142":{"start":{"line":143,"column":0},"end":{"line":143,"column":28}},"143":{"start":{"line":144,"column":0},"end":{"line":144,"column":36}},"146":{"start":{"line":147,"column":0},"end":{"line":147,"column":58}},"147":{"start":{"line":148,"column":0},"end":{"line":148,"column":24}},"149":{"start":{"line":150,"column":0},"end":{"line":150,"column":33}},"150":{"start":{"line":151,"column":0},"end":{"line":151,"column":92}},"151":{"start":{"line":152,"column":0},"end":{"line":152,"column":27}},"152":{"start":{"line":153,"column":0},"end":{"line":153,"column":9}},"154":{"start":{"line":155,"column":0},"end":{"line":155,"column":44}},"155":{"start":{"line":156,"column":0},"end":{"line":156,"column":44}},"156":{"start":{"line":157,"column":0},"end":{"line":157,"column":44}},"158":{"start":{"line":159,"column":0},"end":{"line":159,"column":33}},"159":{"start":{"line":160,"column":0},"end":{"line":160,"column":24}},"160":{"start":{"line":161,"column":0},"end":{"line":161,"column":26}},"161":{"start":{"line":162,"column":0},"end":{"line":162,"column":22}},"162":{"start":{"line":163,"column":0},"end":{"line":163,"column":25}},"163":{"start":{"line":164,"column":0},"end":{"line":164,"column":21}},"164":{"start":{"line":165,"column":0},"end":{"line":165,"column":18}},"165":{"start":{"line":166,"column":0},"end":{"line":166,"column":39}},"166":{"start":{"line":167,"column":0},"end":{"line":167,"column":12}},"167":{"start":{"line":168,"column":0},"end":{"line":168,"column":26}},"168":{"start":{"line":169,"column":0},"end":{"line":169,"column":51}},"169":{"start":{"line":170,"column":0},"end":{"line":170,"column":11}},"170":{"start":{"line":171,"column":0},"end":{"line":171,"column":10}},"172":{"start":{"line":173,"column":0},"end":{"line":173,"column":31}},"175":{"start":{"line":176,"column":0},"end":{"line":176,"column":60}},"176":{"start":{"line":177,"column":0},"end":{"line":177,"column":39}},"177":{"start":{"line":178,"column":0},"end":{"line":178,"column":74}},"178":{"start":{"line":179,"column":0},"end":{"line":179,"column":9}},"180":{"start":{"line":181,"column":0},"end":{"line":181,"column":28}},"181":{"start":{"line":182,"column":0},"end":{"line":182,"column":17}},"182":{"start":{"line":183,"column":0},"end":{"line":183,"column":7}},"185":{"start":{"line":186,"column":0},"end":{"line":186,"column":65}},"186":{"start":{"line":187,"column":0},"end":{"line":187,"column":61}},"187":{"start":{"line":188,"column":0},"end":{"line":188,"column":26}},"189":{"start":{"line":190,"column":0},"end":{"line":190,"column":44}},"190":{"start":{"line":191,"column":0},"end":{"line":191,"column":92}},"191":{"start":{"line":192,"column":0},"end":{"line":192,"column":27}},"192":{"start":{"line":193,"column":0},"end":{"line":193,"column":9}},"195":{"start":{"line":196,"column":0},"end":{"line":196,"column":22}},"196":{"start":{"line":197,"column":0},"end":{"line":197,"column":44}},"197":{"start":{"line":198,"column":0},"end":{"line":198,"column":32}},"198":{"start":{"line":199,"column":0},"end":{"line":199,"column":30}},"199":{"start":{"line":200,"column":0},"end":{"line":200,"column":25}},"200":{"start":{"line":201,"column":0},"end":{"line":201,"column":95}},"201":{"start":{"line":202,"column":0},"end":{"line":202,"column":23}},"202":{"start":{"line":203,"column":0},"end":{"line":203,"column":65}},"203":{"start":{"line":204,"column":0},"end":{"line":204,"column":14}},"204":{"start":{"line":205,"column":0},"end":{"line":205,"column":28}},"205":{"start":{"line":206,"column":0},"end":{"line":206,"column":53}},"206":{"start":{"line":207,"column":0},"end":{"line":207,"column":13}},"207":{"start":{"line":208,"column":0},"end":{"line":208,"column":12}},"208":{"start":{"line":209,"column":0},"end":{"line":209,"column":30}},"211":{"start":{"line":212,"column":0},"end":{"line":212,"column":62}},"212":{"start":{"line":213,"column":0},"end":{"line":213,"column":41}},"213":{"start":{"line":214,"column":0},"end":{"line":214,"column":80}},"214":{"start":{"line":215,"column":0},"end":{"line":215,"column":11}},"216":{"start":{"line":217,"column":0},"end":{"line":217,"column":24}},"217":{"start":{"line":218,"column":0},"end":{"line":218,"column":9}},"220":{"start":{"line":221,"column":0},"end":{"line":221,"column":49}},"221":{"start":{"line":222,"column":0},"end":{"line":222,"column":41}},"222":{"start":{"line":223,"column":0},"end":{"line":223,"column":34}},"223":{"start":{"line":224,"column":0},"end":{"line":224,"column":21}},"224":{"start":{"line":225,"column":0},"end":{"line":225,"column":28}},"225":{"start":{"line":226,"column":0},"end":{"line":226,"column":103}},"226":{"start":{"line":227,"column":0},"end":{"line":227,"column":28}},"227":{"start":{"line":228,"column":0},"end":{"line":228,"column":21}},"228":{"start":{"line":229,"column":0},"end":{"line":229,"column":39}},"229":{"start":{"line":230,"column":0},"end":{"line":230,"column":12}},"230":{"start":{"line":231,"column":0},"end":{"line":231,"column":26}},"231":{"start":{"line":232,"column":0},"end":{"line":232,"column":55}},"232":{"start":{"line":233,"column":0},"end":{"line":233,"column":11}},"233":{"start":{"line":234,"column":0},"end":{"line":234,"column":10}},"234":{"start":{"line":235,"column":0},"end":{"line":235,"column":32}},"237":{"start":{"line":238,"column":0},"end":{"line":238,"column":64}},"238":{"start":{"line":239,"column":0},"end":{"line":239,"column":19}},"239":{"start":{"line":240,"column":0},"end":{"line":240,"column":59}},"240":{"start":{"line":241,"column":0},"end":{"line":241,"column":72}},"242":{"start":{"line":243,"column":0},"end":{"line":243,"column":30}},"243":{"start":{"line":244,"column":0},"end":{"line":244,"column":79}},"244":{"start":{"line":245,"column":0},"end":{"line":245,"column":11}},"245":{"start":{"line":246,"column":0},"end":{"line":246,"column":9}},"247":{"start":{"line":248,"column":0},"end":{"line":248,"column":28}},"248":{"start":{"line":249,"column":0},"end":{"line":249,"column":17}},"249":{"start":{"line":250,"column":0},"end":{"line":250,"column":7}},"252":{"start":{"line":253,"column":0},"end":{"line":253,"column":59}},"253":{"start":{"line":254,"column":0},"end":{"line":254,"column":23}},"254":{"start":{"line":255,"column":0},"end":{"line":255,"column":29}},"255":{"start":{"line":256,"column":0},"end":{"line":256,"column":7}},"258":{"start":{"line":259,"column":0},"end":{"line":259,"column":48}},"259":{"start":{"line":260,"column":0},"end":{"line":260,"column":55}},"261":{"start":{"line":262,"column":0},"end":{"line":262,"column":92}},"262":{"start":{"line":263,"column":0},"end":{"line":263,"column":27}},"263":{"start":{"line":264,"column":0},"end":{"line":264,"column":30}},"264":{"start":{"line":265,"column":0},"end":{"line":265,"column":33}},"265":{"start":{"line":266,"column":0},"end":{"line":266,"column":58}},"266":{"start":{"line":267,"column":0},"end":{"line":267,"column":9}},"267":{"start":{"line":268,"column":0},"end":{"line":268,"column":7}},"268":{"start":{"line":269,"column":0},"end":{"line":269,"column":5}},"271":{"start":{"line":272,"column":0},"end":{"line":272,"column":29}},"272":{"start":{"line":273,"column":0},"end":{"line":273,"column":88}},"273":{"start":{"line":274,"column":0},"end":{"line":274,"column":5}},"274":{"start":{"line":275,"column":0},"end":{"line":275,"column":3}},"279":{"start":{"line":280,"column":0},"end":{"line":280,"column":32}},"280":{"start":{"line":281,"column":0},"end":{"line":281,"column":17}},"281":{"start":{"line":282,"column":0},"end":{"line":282,"column":23}},"282":{"start":{"line":283,"column":0},"end":{"line":283,"column":23}},"283":{"start":{"line":284,"column":0},"end":{"line":284,"column":21}},"284":{"start":{"line":285,"column":0},"end":{"line":285,"column":11}},"285":{"start":{"line":286,"column":0},"end":{"line":286,"column":46}},"286":{"start":{"line":287,"column":0},"end":{"line":287,"column":42}},"288":{"start":{"line":289,"column":0},"end":{"line":289,"column":31}},"289":{"start":{"line":290,"column":0},"end":{"line":290,"column":22}},"290":{"start":{"line":291,"column":0},"end":{"line":291,"column":24}},"291":{"start":{"line":292,"column":0},"end":{"line":292,"column":83}},"292":{"start":{"line":293,"column":0},"end":{"line":293,"column":20}},"293":{"start":{"line":294,"column":0},"end":{"line":294,"column":17}},"294":{"start":{"line":295,"column":0},"end":{"line":295,"column":59}},"295":{"start":{"line":296,"column":0},"end":{"line":296,"column":8}},"296":{"start":{"line":297,"column":0},"end":{"line":297,"column":22}},"297":{"start":{"line":298,"column":0},"end":{"line":298,"column":47}},"298":{"start":{"line":299,"column":0},"end":{"line":299,"column":7}},"299":{"start":{"line":300,"column":0},"end":{"line":300,"column":6}},"301":{"start":{"line":302,"column":0},"end":{"line":302,"column":29}},"304":{"start":{"line":305,"column":0},"end":{"line":305,"column":56}},"305":{"start":{"line":306,"column":0},"end":{"line":306,"column":35}},"306":{"start":{"line":307,"column":0},"end":{"line":307,"column":72}},"307":{"start":{"line":308,"column":0},"end":{"line":308,"column":5}},"308":{"start":{"line":309,"column":0},"end":{"line":309,"column":3}},"313":{"start":{"line":314,"column":0},"end":{"line":314,"column":28}},"314":{"start":{"line":315,"column":0},"end":{"line":315,"column":20}},"315":{"start":{"line":316,"column":0},"end":{"line":316,"column":23}},"316":{"start":{"line":317,"column":0},"end":{"line":317,"column":22}},"317":{"start":{"line":318,"column":0},"end":{"line":318,"column":11}},"319":{"start":{"line":320,"column":0},"end":{"line":320,"column":59}},"320":{"start":{"line":321,"column":0},"end":{"line":321,"column":47}},"322":{"start":{"line":323,"column":0},"end":{"line":323,"column":29}},"323":{"start":{"line":324,"column":0},"end":{"line":324,"column":38}},"324":{"start":{"line":325,"column":0},"end":{"line":325,"column":33}},"325":{"start":{"line":326,"column":0},"end":{"line":326,"column":18}},"326":{"start":{"line":327,"column":0},"end":{"line":327,"column":26}},"327":{"start":{"line":328,"column":0},"end":{"line":328,"column":18}},"328":{"start":{"line":329,"column":0},"end":{"line":329,"column":21}},"329":{"start":{"line":330,"column":0},"end":{"line":330,"column":19}},"330":{"start":{"line":331,"column":0},"end":{"line":331,"column":62}},"331":{"start":{"line":332,"column":0},"end":{"line":332,"column":30}},"332":{"start":{"line":333,"column":0},"end":{"line":333,"column":10}},"333":{"start":{"line":334,"column":0},"end":{"line":334,"column":24}},"334":{"start":{"line":335,"column":0},"end":{"line":335,"column":49}},"335":{"start":{"line":336,"column":0},"end":{"line":336,"column":9}},"336":{"start":{"line":337,"column":0},"end":{"line":337,"column":8}},"337":{"start":{"line":338,"column":0},"end":{"line":338,"column":31}},"338":{"start":{"line":339,"column":0},"end":{"line":339,"column":5}},"341":{"start":{"line":342,"column":0},"end":{"line":342,"column":51}},"342":{"start":{"line":343,"column":0},"end":{"line":343,"column":14}},"343":{"start":{"line":344,"column":0},"end":{"line":344,"column":58}},"344":{"start":{"line":345,"column":0},"end":{"line":345,"column":51}},"345":{"start":{"line":346,"column":0},"end":{"line":346,"column":38}},"346":{"start":{"line":347,"column":0},"end":{"line":347,"column":33}},"347":{"start":{"line":348,"column":0},"end":{"line":348,"column":18}},"348":{"start":{"line":349,"column":0},"end":{"line":349,"column":26}},"349":{"start":{"line":350,"column":0},"end":{"line":350,"column":23}},"350":{"start":{"line":351,"column":0},"end":{"line":351,"column":25}},"351":{"start":{"line":352,"column":0},"end":{"line":352,"column":19}},"352":{"start":{"line":353,"column":0},"end":{"line":353,"column":23}},"353":{"start":{"line":354,"column":0},"end":{"line":354,"column":69}},"354":{"start":{"line":355,"column":0},"end":{"line":355,"column":31}},"355":{"start":{"line":356,"column":0},"end":{"line":356,"column":10}},"356":{"start":{"line":357,"column":0},"end":{"line":357,"column":24}},"357":{"start":{"line":358,"column":0},"end":{"line":358,"column":49}},"358":{"start":{"line":359,"column":0},"end":{"line":359,"column":9}},"359":{"start":{"line":360,"column":0},"end":{"line":360,"column":8}},"360":{"start":{"line":361,"column":0},"end":{"line":361,"column":31}},"361":{"start":{"line":362,"column":0},"end":{"line":362,"column":5}},"364":{"start":{"line":365,"column":0},"end":{"line":365,"column":99}},"365":{"start":{"line":366,"column":0},"end":{"line":366,"column":53}},"367":{"start":{"line":368,"column":0},"end":{"line":368,"column":31}},"369":{"start":{"line":370,"column":0},"end":{"line":370,"column":41}},"371":{"start":{"line":372,"column":0},"end":{"line":372,"column":38}},"372":{"start":{"line":373,"column":0},"end":{"line":373,"column":33}},"373":{"start":{"line":374,"column":0},"end":{"line":374,"column":18}},"374":{"start":{"line":375,"column":0},"end":{"line":375,"column":26}},"375":{"start":{"line":376,"column":0},"end":{"line":376,"column":19}},"376":{"start":{"line":377,"column":0},"end":{"line":377,"column":22}},"377":{"start":{"line":378,"column":0},"end":{"line":378,"column":19}},"378":{"start":{"line":379,"column":0},"end":{"line":379,"column":21}},"379":{"start":{"line":380,"column":0},"end":{"line":380,"column":31}},"380":{"start":{"line":381,"column":0},"end":{"line":381,"column":10}},"381":{"start":{"line":382,"column":0},"end":{"line":382,"column":24}},"382":{"start":{"line":383,"column":0},"end":{"line":383,"column":49}},"383":{"start":{"line":384,"column":0},"end":{"line":384,"column":9}},"384":{"start":{"line":385,"column":0},"end":{"line":385,"column":8}},"385":{"start":{"line":386,"column":0},"end":{"line":386,"column":31}},"386":{"start":{"line":387,"column":0},"end":{"line":387,"column":5}},"387":{"start":{"line":388,"column":0},"end":{"line":388,"column":3}},"392":{"start":{"line":393,"column":0},"end":{"line":393,"column":56}},"394":{"start":{"line":395,"column":0},"end":{"line":395,"column":68}},"395":{"start":{"line":396,"column":0},"end":{"line":396,"column":64}},"396":{"start":{"line":397,"column":0},"end":{"line":397,"column":67}},"399":{"start":{"line":400,"column":0},"end":{"line":400,"column":49}},"400":{"start":{"line":401,"column":0},"end":{"line":401,"column":41}},"401":{"start":{"line":402,"column":0},"end":{"line":402,"column":41}},"402":{"start":{"line":403,"column":0},"end":{"line":403,"column":7}},"403":{"start":{"line":404,"column":0},"end":{"line":404,"column":41}},"404":{"start":{"line":405,"column":0},"end":{"line":405,"column":24}},"405":{"start":{"line":406,"column":0},"end":{"line":406,"column":36}},"406":{"start":{"line":407,"column":0},"end":{"line":407,"column":9}},"408":{"start":{"line":409,"column":0},"end":{"line":409,"column":45}},"409":{"start":{"line":410,"column":0},"end":{"line":410,"column":45}},"410":{"start":{"line":411,"column":0},"end":{"line":411,"column":7}},"411":{"start":{"line":412,"column":0},"end":{"line":412,"column":45}},"412":{"start":{"line":413,"column":0},"end":{"line":413,"column":25}},"413":{"start":{"line":414,"column":0},"end":{"line":414,"column":32}},"414":{"start":{"line":415,"column":0},"end":{"line":415,"column":9}},"415":{"start":{"line":416,"column":0},"end":{"line":416,"column":5}},"418":{"start":{"line":419,"column":0},"end":{"line":419,"column":47}},"419":{"start":{"line":420,"column":0},"end":{"line":420,"column":39}},"420":{"start":{"line":421,"column":0},"end":{"line":421,"column":39}},"421":{"start":{"line":422,"column":0},"end":{"line":422,"column":7}},"422":{"start":{"line":423,"column":0},"end":{"line":423,"column":39}},"423":{"start":{"line":424,"column":0},"end":{"line":424,"column":24}},"424":{"start":{"line":425,"column":0},"end":{"line":425,"column":34}},"425":{"start":{"line":426,"column":0},"end":{"line":426,"column":9}},"426":{"start":{"line":427,"column":0},"end":{"line":427,"column":5}},"429":{"start":{"line":430,"column":0},"end":{"line":430,"column":51}},"430":{"start":{"line":431,"column":0},"end":{"line":431,"column":35}},"431":{"start":{"line":432,"column":0},"end":{"line":432,"column":85}},"432":{"start":{"line":433,"column":0},"end":{"line":433,"column":23}},"433":{"start":{"line":434,"column":0},"end":{"line":434,"column":42}},"434":{"start":{"line":435,"column":0},"end":{"line":435,"column":41}},"435":{"start":{"line":436,"column":0},"end":{"line":436,"column":9}},"436":{"start":{"line":437,"column":0},"end":{"line":437,"column":47}},"437":{"start":{"line":438,"column":0},"end":{"line":438,"column":7}},"438":{"start":{"line":439,"column":0},"end":{"line":439,"column":5}},"440":{"start":{"line":441,"column":0},"end":{"line":441,"column":46}},"441":{"start":{"line":442,"column":0},"end":{"line":442,"column":46}},"442":{"start":{"line":443,"column":0},"end":{"line":443,"column":38}},"443":{"start":{"line":444,"column":0},"end":{"line":444,"column":38}},"444":{"start":{"line":445,"column":0},"end":{"line":445,"column":9}},"445":{"start":{"line":446,"column":0},"end":{"line":446,"column":38}},"446":{"start":{"line":447,"column":0},"end":{"line":447,"column":26}},"447":{"start":{"line":448,"column":0},"end":{"line":448,"column":33}},"448":{"start":{"line":449,"column":0},"end":{"line":449,"column":11}},"449":{"start":{"line":450,"column":0},"end":{"line":450,"column":7}},"450":{"start":{"line":451,"column":0},"end":{"line":451,"column":5}},"451":{"start":{"line":452,"column":0},"end":{"line":452,"column":3}},"452":{"start":{"line":453,"column":0},"end":{"line":453,"column":1}}},"s":{"17":1,"18":1,"19":1,"22":1,"23":1,"28":1,"29":98,"30":98,"35":1,"36":28,"39":28,"40":28,"43":28,"44":28,"45":28,"46":28,"47":28,"48":28,"49":28,"50":28,"51":28,"52":28,"53":28,"54":28,"55":28,"56":28,"59":28,"60":2,"61":2,"64":28,"65":12,"66":28,"67":14,"68":14,"71":26,"74":26,"76":26,"77":28,"82":1,"83":14,"84":14,"85":14,"86":14,"88":14,"91":14,"92":14,"93":14,"94":14,"96":14,"98":14,"99":18,"100":18,"102":18,"103":18,"104":18,"105":18,"106":18,"107":18,"108":18,"109":18,"110":18,"111":18,"112":18,"113":18,"115":18,"118":18,"119":18,"120":18,"121":18,"123":18,"124":18,"125":14,"130":1,"131":12,"132":12,"133":12,"134":12,"135":12,"136":12,"137":12,"138":12,"139":12,"141":12,"142":57,"143":57,"146":57,"147":57,"149":13,"150":0,"151":0,"152":0,"154":13,"155":13,"156":13,"158":13,"159":13,"160":13,"161":13,"162":13,"163":13,"164":13,"165":13,"166":13,"167":13,"168":13,"169":13,"170":13,"172":13,"175":13,"176":13,"177":13,"178":13,"180":13,"181":13,"182":13,"185":44,"186":35,"187":57,"189":12,"190":0,"191":0,"192":0,"195":12,"196":4,"197":4,"198":4,"199":4,"200":4,"201":4,"202":4,"203":4,"204":4,"205":4,"206":4,"207":4,"208":4,"211":4,"212":4,"213":4,"214":4,"216":4,"217":4,"220":12,"221":12,"222":12,"223":12,"224":12,"225":12,"226":12,"227":12,"228":12,"229":12,"230":12,"231":12,"232":12,"233":12,"234":12,"237":12,"238":12,"239":12,"240":12,"242":12,"243":12,"244":12,"245":12,"247":12,"248":12,"249":12,"252":57,"253":1,"254":1,"255":1,"258":57,"259":28,"261":4,"262":4,"263":4,"264":28,"265":11,"266":11,"267":28,"268":57,"271":12,"272":6,"273":6,"274":12,"279":1,"280":10,"281":10,"282":10,"283":10,"284":10,"285":10,"286":10,"288":10,"289":10,"290":10,"291":10,"292":10,"293":10,"294":10,"295":10,"296":10,"297":10,"298":10,"299":10,"301":10,"304":10,"305":10,"306":10,"307":10,"308":10,"313":1,"314":26,"315":26,"316":26,"317":26,"319":26,"320":26,"322":26,"323":4,"324":4,"325":4,"326":4,"327":4,"328":4,"329":4,"330":4,"331":4,"332":4,"333":4,"334":4,"335":4,"336":4,"337":4,"338":4,"341":26,"342":26,"343":26,"344":2,"345":2,"346":2,"347":2,"348":2,"349":2,"350":2,"351":2,"352":2,"353":2,"354":2,"355":2,"356":2,"357":2,"358":2,"359":2,"360":2,"361":2,"364":26,"365":26,"367":26,"369":7,"371":7,"372":7,"373":7,"374":7,"375":7,"376":7,"377":7,"378":7,"379":7,"380":7,"381":7,"382":7,"383":7,"384":7,"385":7,"386":7,"387":26,"392":1,"394":26,"395":26,"396":26,"399":26,"400":8,"401":0,"402":0,"403":8,"404":8,"405":8,"406":8,"408":8,"409":0,"410":0,"411":8,"412":8,"413":8,"414":8,"415":8,"418":26,"419":6,"420":0,"421":0,"422":6,"423":6,"424":6,"425":6,"426":6,"429":26,"430":26,"431":12,"432":12,"433":12,"434":4,"435":4,"436":12,"437":12,"438":12,"440":26,"441":4,"442":8,"443":0,"444":0,"445":8,"446":8,"447":8,"448":8,"449":8,"450":4,"451":26,"452":1},"branchMap":{"0":{"type":"branch","line":18,"loc":{"start":{"line":18,"column":63},"end":{"line":453,"column":1}},"locations":[{"start":{"line":18,"column":63},"end":{"line":453,"column":1}}]},"1":{"type":"branch","line":18,"loc":{"start":{"line":18,"column":63},"end":{"line":453,"column":1}},"locations":[{"start":{"line":18,"column":63},"end":{"line":453,"column":1}}]},"2":{"type":"branch","line":29,"loc":{"start":{"line":29,"column":10},"end":{"line":31,"column":3}},"locations":[{"start":{"line":29,"column":10},"end":{"line":31,"column":3}}]},"3":{"type":"branch","line":36,"loc":{"start":{"line":36,"column":2},"end":{"line":78,"column":3}},"locations":[{"start":{"line":36,"column":2},"end":{"line":78,"column":3}}]},"4":{"type":"branch","line":60,"loc":{"start":{"line":60,"column":25},"end":{"line":62,"column":5}},"locations":[{"start":{"line":60,"column":25},"end":{"line":62,"column":5}}]},"5":{"type":"branch","line":62,"loc":{"start":{"line":62,"column":4},"end":{"line":65,"column":38}},"locations":[{"start":{"line":62,"column":4},"end":{"line":65,"column":38}}]},"6":{"type":"branch","line":65,"loc":{"start":{"line":65,"column":38},"end":{"line":67,"column":11}},"locations":[{"start":{"line":65,"column":38},"end":{"line":67,"column":11}}]},"7":{"type":"branch","line":67,"loc":{"start":{"line":67,"column":4},"end":{"line":69,"column":5}},"locations":[{"start":{"line":67,"column":4},"end":{"line":69,"column":5}}]},"8":{"type":"branch","line":69,"loc":{"start":{"line":69,"column":4},"end":{"line":77,"column":20}},"locations":[{"start":{"line":69,"column":4},"end":{"line":77,"column":20}}]},"9":{"type":"branch","line":83,"loc":{"start":{"line":83,"column":10},"end":{"line":126,"column":3}},"locations":[{"start":{"line":83,"column":10},"end":{"line":126,"column":3}}]},"10":{"type":"branch","line":99,"loc":{"start":{"line":99,"column":44},"end":{"line":125,"column":5}},"locations":[{"start":{"line":99,"column":44},"end":{"line":125,"column":5}}]},"11":{"type":"branch","line":106,"loc":{"start":{"line":106,"column":91},"end":{"line":106,"column":101}},"locations":[{"start":{"line":106,"column":91},"end":{"line":106,"column":101}}]},"12":{"type":"branch","line":94,"loc":{"start":{"line":94,"column":11},"end":{"line":94,"column":24}},"locations":[{"start":{"line":94,"column":11},"end":{"line":94,"column":24}}]},"13":{"type":"branch","line":95,"loc":{"start":{"line":95,"column":14},"end":{"line":95,"column":31}},"locations":[{"start":{"line":95,"column":14},"end":{"line":95,"column":31}}]},"14":{"type":"branch","line":119,"loc":{"start":{"line":119,"column":32},"end":{"line":119,"column":56}},"locations":[{"start":{"line":119,"column":32},"end":{"line":119,"column":56}}]},"15":{"type":"branch","line":131,"loc":{"start":{"line":131,"column":10},"end":{"line":275,"column":3}},"locations":[{"start":{"line":131,"column":10},"end":{"line":275,"column":3}}]},"16":{"type":"branch","line":142,"loc":{"start":{"line":142,"column":43},"end":{"line":272,"column":28}},"locations":[{"start":{"line":142,"column":43},"end":{"line":272,"column":28}}]},"17":{"type":"branch","line":148,"loc":{"start":{"line":148,"column":23},"end":{"line":183,"column":7}},"locations":[{"start":{"line":148,"column":23},"end":{"line":183,"column":7}}]},"18":{"type":"branch","line":150,"loc":{"start":{"line":150,"column":32},"end":{"line":153,"column":9}},"locations":[{"start":{"line":150,"column":32},"end":{"line":153,"column":9}}]},"19":{"type":"branch","line":183,"loc":{"start":{"line":183,"column":6},"end":{"line":186,"column":65}},"locations":[{"start":{"line":183,"column":6},"end":{"line":186,"column":65}}]},"20":{"type":"branch","line":186,"loc":{"start":{"line":186,"column":60},"end":{"line":187,"column":61}},"locations":[{"start":{"line":186,"column":60},"end":{"line":187,"column":61}}]},"21":{"type":"branch","line":188,"loc":{"start":{"line":188,"column":25},"end":{"line":250,"column":7}},"locations":[{"start":{"line":188,"column":25},"end":{"line":250,"column":7}}]},"22":{"type":"branch","line":190,"loc":{"start":{"line":190,"column":29},"end":{"line":190,"column":43}},"locations":[{"start":{"line":190,"column":29},"end":{"line":190,"column":43}}]},"23":{"type":"branch","line":190,"loc":{"start":{"line":190,"column":43},"end":{"line":193,"column":9}},"locations":[{"start":{"line":190,"column":43},"end":{"line":193,"column":9}}]},"24":{"type":"branch","line":196,"loc":{"start":{"line":196,"column":21},"end":{"line":218,"column":9}},"locations":[{"start":{"line":196,"column":21},"end":{"line":218,"column":9}}]},"25":{"type":"branch","line":226,"loc":{"start":{"line":226,"column":88},"end":{"line":226,"column":98}},"locations":[{"start":{"line":226,"column":88},"end":{"line":226,"column":98}}]},"26":{"type":"branch","line":240,"loc":{"start":{"line":240,"column":35},"end":{"line":240,"column":59}},"locations":[{"start":{"line":240,"column":35},"end":{"line":240,"column":59}}]},"27":{"type":"branch","line":250,"loc":{"start":{"line":250,"column":6},"end":{"line":253,"column":20}},"locations":[{"start":{"line":250,"column":6},"end":{"line":253,"column":20}}]},"28":{"type":"branch","line":253,"loc":{"start":{"line":253,"column":10},"end":{"line":253,"column":38}},"locations":[{"start":{"line":253,"column":10},"end":{"line":253,"column":38}}]},"29":{"type":"branch","line":253,"loc":{"start":{"line":253,"column":21},"end":{"line":253,"column":58}},"locations":[{"start":{"line":253,"column":21},"end":{"line":253,"column":58}}]},"30":{"type":"branch","line":253,"loc":{"start":{"line":253,"column":58},"end":{"line":256,"column":7}},"locations":[{"start":{"line":253,"column":58},"end":{"line":256,"column":7}}]},"31":{"type":"branch","line":256,"loc":{"start":{"line":256,"column":6},"end":{"line":259,"column":31}},"locations":[{"start":{"line":256,"column":6},"end":{"line":259,"column":31}}]},"32":{"type":"branch","line":259,"loc":{"start":{"line":259,"column":26},"end":{"line":259,"column":47}},"locations":[{"start":{"line":259,"column":26},"end":{"line":259,"column":47}}]},"33":{"type":"branch","line":259,"loc":{"start":{"line":259,"column":47},"end":{"line":268,"column":7}},"locations":[{"start":{"line":259,"column":47},"end":{"line":268,"column":7}}]},"34":{"type":"branch","line":260,"loc":{"start":{"line":260,"column":28},"end":{"line":260,"column":54}},"locations":[{"start":{"line":260,"column":28},"end":{"line":260,"column":54}}]},"35":{"type":"branch","line":260,"loc":{"start":{"line":260,"column":54},"end":{"line":265,"column":19}},"locations":[{"start":{"line":260,"column":54},"end":{"line":265,"column":19}}]},"36":{"type":"branch","line":265,"loc":{"start":{"line":265,"column":8},"end":{"line":267,"column":9}},"locations":[{"start":{"line":265,"column":8},"end":{"line":267,"column":9}}]},"37":{"type":"branch","line":265,"loc":{"start":{"line":265,"column":32},"end":{"line":267,"column":9}},"locations":[{"start":{"line":265,"column":32},"end":{"line":267,"column":9}}]},"38":{"type":"branch","line":266,"loc":{"start":{"line":266,"column":26},"end":{"line":266,"column":47}},"locations":[{"start":{"line":266,"column":26},"end":{"line":266,"column":47}}]},"39":{"type":"branch","line":266,"loc":{"start":{"line":266,"column":40},"end":{"line":266,"column":53}},"locations":[{"start":{"line":266,"column":40},"end":{"line":266,"column":53}}]},"40":{"type":"branch","line":272,"loc":{"start":{"line":272,"column":28},"end":{"line":274,"column":5}},"locations":[{"start":{"line":272,"column":28},"end":{"line":274,"column":5}}]},"41":{"type":"branch","line":176,"loc":{"start":{"line":176,"column":34},"end":{"line":176,"column":58}},"locations":[{"start":{"line":176,"column":34},"end":{"line":176,"column":58}}]},"42":{"type":"branch","line":212,"loc":{"start":{"line":212,"column":36},"end":{"line":212,"column":60}},"locations":[{"start":{"line":212,"column":36},"end":{"line":212,"column":60}}]},"43":{"type":"branch","line":238,"loc":{"start":{"line":238,"column":35},"end":{"line":238,"column":62}},"locations":[{"start":{"line":238,"column":35},"end":{"line":238,"column":62}}]},"44":{"type":"branch","line":280,"loc":{"start":{"line":280,"column":10},"end":{"line":309,"column":3}},"locations":[{"start":{"line":280,"column":10},"end":{"line":309,"column":3}}]},"45":{"type":"branch","line":292,"loc":{"start":{"line":292,"column":41},"end":{"line":292,"column":68}},"locations":[{"start":{"line":292,"column":41},"end":{"line":292,"column":68}}]},"46":{"type":"branch","line":305,"loc":{"start":{"line":305,"column":30},"end":{"line":305,"column":54}},"locations":[{"start":{"line":305,"column":30},"end":{"line":305,"column":54}}]},"47":{"type":"branch","line":314,"loc":{"start":{"line":314,"column":10},"end":{"line":388,"column":3}},"locations":[{"start":{"line":314,"column":10},"end":{"line":388,"column":3}}]},"48":{"type":"branch","line":321,"loc":{"start":{"line":321,"column":39},"end":{"line":321,"column":47}},"locations":[{"start":{"line":321,"column":39},"end":{"line":321,"column":47}}]},"49":{"type":"branch","line":323,"loc":{"start":{"line":323,"column":28},"end":{"line":339,"column":5}},"locations":[{"start":{"line":323,"column":28},"end":{"line":339,"column":5}}]},"50":{"type":"branch","line":331,"loc":{"start":{"line":331,"column":36},"end":{"line":331,"column":58}},"locations":[{"start":{"line":331,"column":36},"end":{"line":331,"column":58}}]},"51":{"type":"branch","line":331,"loc":{"start":{"line":331,"column":53},"end":{"line":331,"column":62}},"locations":[{"start":{"line":331,"column":53},"end":{"line":331,"column":62}}]},"52":{"type":"branch","line":344,"loc":{"start":{"line":344,"column":57},"end":{"line":362,"column":5}},"locations":[{"start":{"line":344,"column":57},"end":{"line":362,"column":5}}]},"53":{"type":"branch","line":354,"loc":{"start":{"line":354,"column":50},"end":{"line":354,"column":62}},"locations":[{"start":{"line":354,"column":50},"end":{"line":354,"column":62}}]},"54":{"type":"branch","line":354,"loc":{"start":{"line":354,"column":54},"end":{"line":354,"column":69}},"locations":[{"start":{"line":354,"column":54},"end":{"line":354,"column":69}}]},"55":{"type":"branch","line":366,"loc":{"start":{"line":366,"column":45},"end":{"line":366,"column":53}},"locations":[{"start":{"line":366,"column":45},"end":{"line":366,"column":53}}]},"56":{"type":"branch","line":368,"loc":{"start":{"line":368,"column":30},"end":{"line":387,"column":5}},"locations":[{"start":{"line":368,"column":30},"end":{"line":387,"column":5}}]},"57":{"type":"branch","line":370,"loc":{"start":{"line":370,"column":32},"end":{"line":370,"column":41}},"locations":[{"start":{"line":370,"column":32},"end":{"line":370,"column":41}}]},"58":{"type":"branch","line":393,"loc":{"start":{"line":393,"column":10},"end":{"line":452,"column":3}},"locations":[{"start":{"line":393,"column":10},"end":{"line":452,"column":3}}]},"59":{"type":"branch","line":400,"loc":{"start":{"line":400,"column":48},"end":{"line":416,"column":5}},"locations":[{"start":{"line":400,"column":48},"end":{"line":416,"column":5}}]},"60":{"type":"branch","line":401,"loc":{"start":{"line":401,"column":40},"end":{"line":403,"column":7}},"locations":[{"start":{"line":401,"column":40},"end":{"line":403,"column":7}}]},"61":{"type":"branch","line":409,"loc":{"start":{"line":409,"column":44},"end":{"line":411,"column":7}},"locations":[{"start":{"line":409,"column":44},"end":{"line":411,"column":7}}]},"62":{"type":"branch","line":419,"loc":{"start":{"line":419,"column":46},"end":{"line":427,"column":5}},"locations":[{"start":{"line":419,"column":46},"end":{"line":427,"column":5}}]},"63":{"type":"branch","line":420,"loc":{"start":{"line":420,"column":38},"end":{"line":422,"column":7}},"locations":[{"start":{"line":420,"column":38},"end":{"line":422,"column":7}}]},"64":{"type":"branch","line":431,"loc":{"start":{"line":431,"column":34},"end":{"line":439,"column":5}},"locations":[{"start":{"line":431,"column":34},"end":{"line":439,"column":5}}]},"65":{"type":"branch","line":434,"loc":{"start":{"line":434,"column":41},"end":{"line":436,"column":9}},"locations":[{"start":{"line":434,"column":41},"end":{"line":436,"column":9}}]},"66":{"type":"branch","line":441,"loc":{"start":{"line":441,"column":45},"end":{"line":451,"column":5}},"locations":[{"start":{"line":441,"column":45},"end":{"line":451,"column":5}}]},"67":{"type":"branch","line":442,"loc":{"start":{"line":442,"column":45},"end":{"line":450,"column":7}},"locations":[{"start":{"line":442,"column":45},"end":{"line":450,"column":7}}]},"68":{"type":"branch","line":443,"loc":{"start":{"line":443,"column":37},"end":{"line":445,"column":9}},"locations":[{"start":{"line":443,"column":37},"end":{"line":445,"column":9}}]},"69":{"type":"branch","line":395,"loc":{"start":{"line":395,"column":39},"end":{"line":395,"column":66}},"locations":[{"start":{"line":395,"column":39},"end":{"line":395,"column":66}}]},"70":{"type":"branch","line":396,"loc":{"start":{"line":396,"column":37},"end":{"line":396,"column":62}},"locations":[{"start":{"line":396,"column":37},"end":{"line":396,"column":62}}]},"71":{"type":"branch","line":397,"loc":{"start":{"line":397,"column":38},"end":{"line":397,"column":65}},"locations":[{"start":{"line":397,"column":38},"end":{"line":397,"column":65}}]},"72":{"type":"branch","line":432,"loc":{"start":{"line":432,"column":50},"end":{"line":432,"column":75}},"locations":[{"start":{"line":432,"column":50},"end":{"line":432,"column":75}}]}},"b":{"0":[29],"1":[1],"2":[98],"3":[28],"4":[2],"5":[26],"6":[12],"7":[14],"8":[26],"9":[14],"10":[18],"11":[14],"12":[18],"13":[18],"14":[18],"15":[12],"16":[57],"17":[13],"18":[0],"19":[44],"20":[35],"21":[12],"22":[0],"23":[0],"24":[4],"25":[4],"26":[0],"27":[32],"28":[2],"29":[2],"30":[1],"31":[32],"32":[28],"33":[28],"34":[17],"35":[4],"36":[24],"37":[11],"38":[1],"39":[10],"40":[6],"41":[13],"42":[4],"43":[27],"44":[10],"45":[30],"46":[10],"47":[26],"48":[24],"49":[4],"50":[1],"51":[3],"52":[2],"53":[1],"54":[1],"55":[23],"56":[7],"57":[0],"58":[26],"59":[8],"60":[0],"61":[0],"62":[6],"63":[0],"64":[12],"65":[4],"66":[4],"67":[8],"68":[0],"69":[96],"70":[96],"71":[96],"72":[12]},"fnMap":{"0":{"name":"<instance_members_initializer>","decl":{"start":{"line":18,"column":63},"end":{"line":453,"column":1}},"loc":{"start":{"line":18,"column":63},"end":{"line":453,"column":1}},"line":18},"1":{"name":"<static_initializer>","decl":{"start":{"line":18,"column":63},"end":{"line":453,"column":1}},"loc":{"start":{"line":18,"column":63},"end":{"line":453,"column":1}},"line":18},"2":{"name":"generateId","decl":{"start":{"line":29,"column":10},"end":{"line":31,"column":3}},"loc":{"start":{"line":29,"column":10},"end":{"line":31,"column":3}},"line":29},"3":{"name":"extract","decl":{"start":{"line":36,"column":2},"end":{"line":78,"column":3}},"loc":{"start":{"line":36,"column":2},"end":{"line":78,"column":3}},"line":36},"4":{"name":"extractPlainTextEntities","decl":{"start":{"line":83,"column":10},"end":{"line":126,"column":3}},"loc":{"start":{"line":83,"column":10},"end":{"line":126,"column":3}},"line":83},"5":{"name":"extractMarkdownEntities","decl":{"start":{"line":131,"column":10},"end":{"line":275,"column":3}},"loc":{"start":{"line":131,"column":10},"end":{"line":275,"column":3}},"line":131},"6":{"name":"createParagraphEntity","decl":{"start":{"line":280,"column":10},"end":{"line":309,"column":3}},"loc":{"start":{"line":280,"column":10},"end":{"line":309,"column":3}},"line":280},"7":{"name":"extractReferences","decl":{"start":{"line":314,"column":10},"end":{"line":388,"column":3}},"loc":{"start":{"line":314,"column":10},"end":{"line":388,"column":3}},"line":314},"8":{"name":"buildRelationships","decl":{"start":{"line":393,"column":10},"end":{"line":452,"column":3}},"loc":{"start":{"line":393,"column":10},"end":{"line":452,"column":3}},"line":393}},"f":{"0":29,"1":1,"2":98,"3":28,"4":14,"5":12,"6":10,"7":26,"8":26}}
,"/workspaces/corticai/app/src/indexes/AttributeIndex.ts": {"path":"/workspaces/corticai/app/src/indexes/AttributeIndex.ts","all":false,"statementMap":{"7":{"start":{"line":8,"column":0},"end":{"line":8,"column":25}},"8":{"start":{"line":9,"column":0},"end":{"line":9,"column":29}},"9":{"start":{"line":10,"column":0},"end":{"line":10,"column":33}},"13":{"start":{"line":14,"column":0},"end":{"line":14,"column":42}},"14":{"start":{"line":15,"column":0},"end":{"line":15,"column":40}},"15":{"start":{"line":16,"column":0},"end":{"line":16,"column":34}},"20":{"start":{"line":21,"column":0},"end":{"line":21,"column":29}},"22":{"start":{"line":23,"column":0},"end":{"line":23,"column":52}},"25":{"start":{"line":26,"column":0},"end":{"line":26,"column":53}},"27":{"start":{"line":28,"column":0},"end":{"line":28,"column":17}},"28":{"start":{"line":29,"column":0},"end":{"line":29,"column":27}},"29":{"start":{"line":30,"column":0},"end":{"line":30,"column":38}},"30":{"start":{"line":31,"column":0},"end":{"line":31,"column":3}},"35":{"start":{"line":36,"column":0},"end":{"line":36,"column":71}},"37":{"start":{"line":38,"column":0},"end":{"line":38,"column":20}},"38":{"start":{"line":39,"column":0},"end":{"line":39,"column":51}},"39":{"start":{"line":40,"column":0},"end":{"line":40,"column":5}},"40":{"start":{"line":41,"column":0},"end":{"line":41,"column":21}},"41":{"start":{"line":42,"column":0},"end":{"line":42,"column":56}},"42":{"start":{"line":43,"column":0},"end":{"line":43,"column":5}},"45":{"start":{"line":46,"column":0},"end":{"line":46,"column":37}},"46":{"start":{"line":47,"column":0},"end":{"line":47,"column":43}},"47":{"start":{"line":48,"column":0},"end":{"line":48,"column":5}},"49":{"start":{"line":50,"column":0},"end":{"line":50,"column":52}},"52":{"start":{"line":53,"column":0},"end":{"line":53,"column":55}},"55":{"start":{"line":56,"column":0},"end":{"line":56,"column":45}},"56":{"start":{"line":57,"column":0},"end":{"line":57,"column":51}},"57":{"start":{"line":58,"column":0},"end":{"line":58,"column":5}},"60":{"start":{"line":61,"column":0},"end":{"line":61,"column":53}},"63":{"start":{"line":64,"column":0},"end":{"line":64,"column":47}},"64":{"start":{"line":65,"column":0},"end":{"line":65,"column":53}},"65":{"start":{"line":66,"column":0},"end":{"line":66,"column":5}},"67":{"start":{"line":68,"column":0},"end":{"line":68,"column":68}},"68":{"start":{"line":69,"column":0},"end":{"line":69,"column":50}},"69":{"start":{"line":70,"column":0},"end":{"line":70,"column":3}},"74":{"start":{"line":75,"column":0},"end":{"line":75,"column":75}},"75":{"start":{"line":76,"column":0},"end":{"line":76,"column":51}},"76":{"start":{"line":77,"column":0},"end":{"line":77,"column":30}},"78":{"start":{"line":79,"column":0},"end":{"line":79,"column":30}},"80":{"start":{"line":81,"column":0},"end":{"line":81,"column":57}},"81":{"start":{"line":82,"column":0},"end":{"line":82,"column":58}},"82":{"start":{"line":83,"column":0},"end":{"line":83,"column":22}},"83":{"start":{"line":84,"column":0},"end":{"line":84,"column":35}},"86":{"start":{"line":87,"column":0},"end":{"line":87,"column":35}},"87":{"start":{"line":88,"column":0},"end":{"line":88,"column":47}},"88":{"start":{"line":89,"column":0},"end":{"line":89,"column":9}},"89":{"start":{"line":90,"column":0},"end":{"line":90,"column":7}},"90":{"start":{"line":91,"column":0},"end":{"line":91,"column":12}},"92":{"start":{"line":93,"column":0},"end":{"line":93,"column":62}},"93":{"start":{"line":94,"column":0},"end":{"line":94,"column":38}},"94":{"start":{"line":95,"column":0},"end":{"line":95,"column":37}},"95":{"start":{"line":96,"column":0},"end":{"line":96,"column":37}},"96":{"start":{"line":97,"column":0},"end":{"line":97,"column":37}},"97":{"start":{"line":98,"column":0},"end":{"line":98,"column":11}},"98":{"start":{"line":99,"column":0},"end":{"line":99,"column":9}},"99":{"start":{"line":100,"column":0},"end":{"line":100,"column":7}},"100":{"start":{"line":101,"column":0},"end":{"line":101,"column":5}},"103":{"start":{"line":104,"column":0},"end":{"line":104,"column":34}},"104":{"start":{"line":105,"column":0},"end":{"line":105,"column":35}},"105":{"start":{"line":106,"column":0},"end":{"line":106,"column":5}},"108":{"start":{"line":109,"column":0},"end":{"line":109,"column":60}},"109":{"start":{"line":110,"column":0},"end":{"line":110,"column":22}},"111":{"start":{"line":112,"column":0},"end":{"line":112,"column":41}},"112":{"start":{"line":113,"column":0},"end":{"line":113,"column":42}},"113":{"start":{"line":114,"column":0},"end":{"line":114,"column":71}},"114":{"start":{"line":115,"column":0},"end":{"line":115,"column":36}},"115":{"start":{"line":116,"column":0},"end":{"line":116,"column":36}},"117":{"start":{"line":118,"column":0},"end":{"line":118,"column":72}},"118":{"start":{"line":119,"column":0},"end":{"line":119,"column":69}},"119":{"start":{"line":120,"column":0},"end":{"line":120,"column":69}},"120":{"start":{"line":121,"column":0},"end":{"line":121,"column":95}},"121":{"start":{"line":122,"column":0},"end":{"line":122,"column":36}},"122":{"start":{"line":123,"column":0},"end":{"line":123,"column":13}},"123":{"start":{"line":124,"column":0},"end":{"line":124,"column":18}},"125":{"start":{"line":126,"column":0},"end":{"line":126,"column":34}},"126":{"start":{"line":127,"column":0},"end":{"line":127,"column":11}},"127":{"start":{"line":128,"column":0},"end":{"line":128,"column":9}},"128":{"start":{"line":129,"column":0},"end":{"line":129,"column":7}},"129":{"start":{"line":130,"column":0},"end":{"line":130,"column":57}},"131":{"start":{"line":132,"column":0},"end":{"line":132,"column":35}},"132":{"start":{"line":133,"column":0},"end":{"line":133,"column":47}},"133":{"start":{"line":134,"column":0},"end":{"line":134,"column":7}},"134":{"start":{"line":135,"column":0},"end":{"line":135,"column":5}},"135":{"start":{"line":136,"column":0},"end":{"line":136,"column":3}},"140":{"start":{"line":141,"column":0},"end":{"line":141,"column":40}},"141":{"start":{"line":142,"column":0},"end":{"line":142,"column":60}},"142":{"start":{"line":143,"column":0},"end":{"line":143,"column":29}},"145":{"start":{"line":146,"column":0},"end":{"line":146,"column":40}},"146":{"start":{"line":147,"column":0},"end":{"line":147,"column":67}},"148":{"start":{"line":149,"column":0},"end":{"line":149,"column":53}},"149":{"start":{"line":150,"column":0},"end":{"line":150,"column":25}},"150":{"start":{"line":151,"column":0},"end":{"line":151,"column":59}},"151":{"start":{"line":152,"column":0},"end":{"line":152,"column":60}},"152":{"start":{"line":153,"column":0},"end":{"line":153,"column":24}},"153":{"start":{"line":154,"column":0},"end":{"line":154,"column":37}},"154":{"start":{"line":155,"column":0},"end":{"line":155,"column":37}},"155":{"start":{"line":156,"column":0},"end":{"line":156,"column":49}},"156":{"start":{"line":157,"column":0},"end":{"line":157,"column":11}},"157":{"start":{"line":158,"column":0},"end":{"line":158,"column":9}},"158":{"start":{"line":159,"column":0},"end":{"line":159,"column":38}},"159":{"start":{"line":160,"column":0},"end":{"line":160,"column":39}},"160":{"start":{"line":161,"column":0},"end":{"line":161,"column":9}},"161":{"start":{"line":162,"column":0},"end":{"line":162,"column":7}},"162":{"start":{"line":163,"column":0},"end":{"line":163,"column":5}},"165":{"start":{"line":166,"column":0},"end":{"line":166,"column":43}},"166":{"start":{"line":167,"column":0},"end":{"line":167,"column":3}},"171":{"start":{"line":172,"column":0},"end":{"line":172,"column":64}},"172":{"start":{"line":173,"column":0},"end":{"line":173,"column":51}},"173":{"start":{"line":174,"column":0},"end":{"line":174,"column":24}},"174":{"start":{"line":175,"column":0},"end":{"line":175,"column":23}},"175":{"start":{"line":176,"column":0},"end":{"line":176,"column":5}},"177":{"start":{"line":178,"column":0},"end":{"line":178,"column":33}},"179":{"start":{"line":180,"column":0},"end":{"line":180,"column":40}},"180":{"start":{"line":181,"column":0},"end":{"line":181,"column":54}},"181":{"start":{"line":182,"column":0},"end":{"line":182,"column":49}},"182":{"start":{"line":183,"column":0},"end":{"line":183,"column":7}},"183":{"start":{"line":184,"column":0},"end":{"line":184,"column":21}},"184":{"start":{"line":185,"column":0},"end":{"line":185,"column":5}},"187":{"start":{"line":188,"column":0},"end":{"line":188,"column":55}},"190":{"start":{"line":191,"column":0},"end":{"line":191,"column":74}},"191":{"start":{"line":192,"column":0},"end":{"line":192,"column":40}},"192":{"start":{"line":193,"column":0},"end":{"line":193,"column":56}},"194":{"start":{"line":195,"column":0},"end":{"line":195,"column":70}},"195":{"start":{"line":196,"column":0},"end":{"line":196,"column":56}},"196":{"start":{"line":197,"column":0},"end":{"line":197,"column":51}},"197":{"start":{"line":198,"column":0},"end":{"line":198,"column":9}},"198":{"start":{"line":199,"column":0},"end":{"line":199,"column":7}},"199":{"start":{"line":200,"column":0},"end":{"line":200,"column":21}},"200":{"start":{"line":201,"column":0},"end":{"line":201,"column":5}},"202":{"start":{"line":203,"column":0},"end":{"line":203,"column":60}},"203":{"start":{"line":204,"column":0},"end":{"line":204,"column":3}},"208":{"start":{"line":209,"column":0},"end":{"line":209,"column":95}},"209":{"start":{"line":210,"column":0},"end":{"line":210,"column":31}},"210":{"start":{"line":211,"column":0},"end":{"line":211,"column":23}},"211":{"start":{"line":212,"column":0},"end":{"line":212,"column":5}},"213":{"start":{"line":214,"column":0},"end":{"line":214,"column":41}},"215":{"start":{"line":216,"column":0},"end":{"line":216,"column":34}},"216":{"start":{"line":217,"column":0},"end":{"line":217,"column":33}},"218":{"start":{"line":219,"column":0},"end":{"line":219,"column":43}},"219":{"start":{"line":220,"column":0},"end":{"line":220,"column":22}},"220":{"start":{"line":221,"column":0},"end":{"line":221,"column":73}},"221":{"start":{"line":222,"column":0},"end":{"line":222,"column":16}},"223":{"start":{"line":224,"column":0},"end":{"line":224,"column":22}},"224":{"start":{"line":225,"column":0},"end":{"line":225,"column":60}},"225":{"start":{"line":226,"column":0},"end":{"line":226,"column":16}},"227":{"start":{"line":228,"column":0},"end":{"line":228,"column":24}},"228":{"start":{"line":229,"column":0},"end":{"line":229,"column":72}},"229":{"start":{"line":230,"column":0},"end":{"line":230,"column":16}},"231":{"start":{"line":232,"column":0},"end":{"line":232,"column":26}},"232":{"start":{"line":233,"column":0},"end":{"line":233,"column":74}},"233":{"start":{"line":234,"column":0},"end":{"line":234,"column":16}},"235":{"start":{"line":236,"column":0},"end":{"line":236,"column":16}},"236":{"start":{"line":237,"column":0},"end":{"line":237,"column":32}},"237":{"start":{"line":238,"column":0},"end":{"line":238,"column":7}},"239":{"start":{"line":240,"column":0},"end":{"line":240,"column":33}},"240":{"start":{"line":241,"column":0},"end":{"line":241,"column":5}},"243":{"start":{"line":244,"column":0},"end":{"line":244,"column":29}},"244":{"start":{"line":245,"column":0},"end":{"line":245,"column":44}},"245":{"start":{"line":246,"column":0},"end":{"line":246,"column":12}},"246":{"start":{"line":247,"column":0},"end":{"line":247,"column":40}},"247":{"start":{"line":248,"column":0},"end":{"line":248,"column":5}},"248":{"start":{"line":249,"column":0},"end":{"line":249,"column":3}},"253":{"start":{"line":254,"column":0},"end":{"line":254,"column":43}},"254":{"start":{"line":255,"column":0},"end":{"line":255,"column":36}},"256":{"start":{"line":257,"column":0},"end":{"line":257,"column":56}},"257":{"start":{"line":258,"column":0},"end":{"line":258,"column":56}},"260":{"start":{"line":261,"column":0},"end":{"line":261,"column":28}},"261":{"start":{"line":262,"column":0},"end":{"line":262,"column":69}},"262":{"start":{"line":263,"column":0},"end":{"line":263,"column":36}},"263":{"start":{"line":264,"column":0},"end":{"line":264,"column":53}},"264":{"start":{"line":265,"column":0},"end":{"line":265,"column":11}},"265":{"start":{"line":266,"column":0},"end":{"line":266,"column":9}},"266":{"start":{"line":267,"column":0},"end":{"line":267,"column":7}},"267":{"start":{"line":268,"column":0},"end":{"line":268,"column":5}},"268":{"start":{"line":269,"column":0},"end":{"line":269,"column":3}},"273":{"start":{"line":274,"column":0},"end":{"line":274,"column":47}},"275":{"start":{"line":276,"column":0},"end":{"line":276,"column":39}},"276":{"start":{"line":277,"column":0},"end":{"line":277,"column":9}},"277":{"start":{"line":278,"column":0},"end":{"line":278,"column":44}},"278":{"start":{"line":279,"column":0},"end":{"line":279,"column":21}},"280":{"start":{"line":281,"column":0},"end":{"line":281,"column":5}},"283":{"start":{"line":284,"column":0},"end":{"line":284,"column":41}},"284":{"start":{"line":285,"column":0},"end":{"line":285,"column":23}},"285":{"start":{"line":286,"column":0},"end":{"line":286,"column":16}},"286":{"start":{"line":287,"column":0},"end":{"line":287,"column":27}},"287":{"start":{"line":288,"column":0},"end":{"line":288,"column":17}},"288":{"start":{"line":289,"column":0},"end":{"line":289,"column":44}},"289":{"start":{"line":290,"column":0},"end":{"line":290,"column":47}},"290":{"start":{"line":291,"column":0},"end":{"line":291,"column":47}},"291":{"start":{"line":292,"column":0},"end":{"line":292,"column":7}},"292":{"start":{"line":293,"column":0},"end":{"line":293,"column":6}},"295":{"start":{"line":296,"column":0},"end":{"line":296,"column":58}},"296":{"start":{"line":297,"column":0},"end":{"line":297,"column":34}},"297":{"start":{"line":298,"column":0},"end":{"line":298,"column":60}},"298":{"start":{"line":299,"column":0},"end":{"line":299,"column":54}},"299":{"start":{"line":300,"column":0},"end":{"line":300,"column":72}},"300":{"start":{"line":301,"column":0},"end":{"line":301,"column":7}},"301":{"start":{"line":302,"column":0},"end":{"line":302,"column":5}},"304":{"start":{"line":305,"column":0},"end":{"line":305,"column":70}},"305":{"start":{"line":306,"column":0},"end":{"line":306,"column":71}},"306":{"start":{"line":307,"column":0},"end":{"line":307,"column":5}},"308":{"start":{"line":309,"column":0},"end":{"line":309,"column":76}},"309":{"start":{"line":310,"column":0},"end":{"line":310,"column":3}},"314":{"start":{"line":315,"column":0},"end":{"line":315,"column":47}},"315":{"start":{"line":316,"column":0},"end":{"line":316,"column":51}},"316":{"start":{"line":317,"column":0},"end":{"line":317,"column":57}},"319":{"start":{"line":320,"column":0},"end":{"line":320,"column":23}},"320":{"start":{"line":321,"column":0},"end":{"line":321,"column":34}},"323":{"start":{"line":324,"column":0},"end":{"line":324,"column":70}},"324":{"start":{"line":325,"column":0},"end":{"line":325,"column":37}},"325":{"start":{"line":326,"column":0},"end":{"line":326,"column":76}},"326":{"start":{"line":327,"column":0},"end":{"line":327,"column":50}},"327":{"start":{"line":328,"column":0},"end":{"line":328,"column":52}},"328":{"start":{"line":329,"column":0},"end":{"line":329,"column":7}},"329":{"start":{"line":330,"column":0},"end":{"line":330,"column":41}},"330":{"start":{"line":331,"column":0},"end":{"line":331,"column":5}},"333":{"start":{"line":334,"column":0},"end":{"line":334,"column":82}},"334":{"start":{"line":335,"column":0},"end":{"line":335,"column":65}},"335":{"start":{"line":336,"column":0},"end":{"line":336,"column":5}},"336":{"start":{"line":337,"column":0},"end":{"line":337,"column":3}},"341":{"start":{"line":342,"column":0},"end":{"line":342,"column":36}},"342":{"start":{"line":343,"column":0},"end":{"line":343,"column":53}},"343":{"start":{"line":344,"column":0},"end":{"line":344,"column":44}},"345":{"start":{"line":346,"column":0},"end":{"line":346,"column":24}},"346":{"start":{"line":347,"column":0},"end":{"line":347,"column":49}},"347":{"start":{"line":348,"column":0},"end":{"line":348,"column":35}},"348":{"start":{"line":349,"column":0},"end":{"line":349,"column":5}},"350":{"start":{"line":351,"column":0},"end":{"line":351,"column":32}},"351":{"start":{"line":352,"column":0},"end":{"line":352,"column":57}},"352":{"start":{"line":353,"column":0},"end":{"line":353,"column":40}},"353":{"start":{"line":354,"column":0},"end":{"line":354,"column":5}},"355":{"start":{"line":356,"column":0},"end":{"line":356,"column":12}},"356":{"start":{"line":357,"column":0},"end":{"line":357,"column":20}},"357":{"start":{"line":358,"column":0},"end":{"line":358,"column":22}},"358":{"start":{"line":359,"column":0},"end":{"line":359,"column":18}},"359":{"start":{"line":360,"column":0},"end":{"line":360,"column":93}},"360":{"start":{"line":361,"column":0},"end":{"line":361,"column":6}},"361":{"start":{"line":362,"column":0},"end":{"line":362,"column":3}},"366":{"start":{"line":367,"column":0},"end":{"line":367,"column":35}},"367":{"start":{"line":368,"column":0},"end":{"line":368,"column":38}},"368":{"start":{"line":369,"column":0},"end":{"line":369,"column":3}},"373":{"start":{"line":374,"column":0},"end":{"line":374,"column":54}},"374":{"start":{"line":375,"column":0},"end":{"line":375,"column":51}},"375":{"start":{"line":376,"column":0},"end":{"line":376,"column":24}},"376":{"start":{"line":377,"column":0},"end":{"line":377,"column":23}},"377":{"start":{"line":378,"column":0},"end":{"line":378,"column":5}},"378":{"start":{"line":379,"column":0},"end":{"line":379,"column":40}},"379":{"start":{"line":380,"column":0},"end":{"line":380,"column":3}},"383":{"start":{"line":384,"column":0},"end":{"line":384,"column":69}},"385":{"start":{"line":386,"column":0},"end":{"line":386,"column":25}},"386":{"start":{"line":387,"column":0},"end":{"line":387,"column":33}},"387":{"start":{"line":388,"column":0},"end":{"line":388,"column":5}},"388":{"start":{"line":389,"column":0},"end":{"line":389,"column":30}},"389":{"start":{"line":390,"column":0},"end":{"line":390,"column":38}},"390":{"start":{"line":391,"column":0},"end":{"line":391,"column":5}},"391":{"start":{"line":392,"column":0},"end":{"line":392,"column":51}},"392":{"start":{"line":393,"column":0},"end":{"line":393,"column":3}},"394":{"start":{"line":395,"column":0},"end":{"line":395,"column":77}},"395":{"start":{"line":396,"column":0},"end":{"line":396,"column":40}},"396":{"start":{"line":397,"column":0},"end":{"line":397,"column":51}},"397":{"start":{"line":398,"column":0},"end":{"line":398,"column":51}},"399":{"start":{"line":400,"column":0},"end":{"line":400,"column":19}},"400":{"start":{"line":401,"column":0},"end":{"line":401,"column":30}},"401":{"start":{"line":402,"column":0},"end":{"line":402,"column":19}},"402":{"start":{"line":403,"column":0},"end":{"line":403,"column":42}},"403":{"start":{"line":404,"column":0},"end":{"line":404,"column":24}},"404":{"start":{"line":405,"column":0},"end":{"line":405,"column":12}},"405":{"start":{"line":406,"column":0},"end":{"line":406,"column":35}},"406":{"start":{"line":407,"column":0},"end":{"line":407,"column":5}},"408":{"start":{"line":409,"column":0},"end":{"line":409,"column":32}},"409":{"start":{"line":410,"column":0},"end":{"line":410,"column":3}},"411":{"start":{"line":412,"column":0},"end":{"line":412,"column":43}},"413":{"start":{"line":414,"column":0},"end":{"line":414,"column":25}},"414":{"start":{"line":415,"column":0},"end":{"line":415,"column":18}},"415":{"start":{"line":416,"column":0},"end":{"line":416,"column":5}},"416":{"start":{"line":417,"column":0},"end":{"line":417,"column":30}},"417":{"start":{"line":418,"column":0},"end":{"line":418,"column":23}},"418":{"start":{"line":419,"column":0},"end":{"line":419,"column":5}},"421":{"start":{"line":422,"column":0},"end":{"line":422,"column":36}},"422":{"start":{"line":423,"column":0},"end":{"line":423,"column":11}},"424":{"start":{"line":425,"column":0},"end":{"line":425,"column":35}},"425":{"start":{"line":426,"column":0},"end":{"line":426,"column":65}},"426":{"start":{"line":427,"column":0},"end":{"line":427,"column":56}},"427":{"start":{"line":428,"column":0},"end":{"line":428,"column":32}},"428":{"start":{"line":429,"column":0},"end":{"line":429,"column":34}},"429":{"start":{"line":430,"column":0},"end":{"line":430,"column":13}},"430":{"start":{"line":431,"column":0},"end":{"line":431,"column":26}},"431":{"start":{"line":432,"column":0},"end":{"line":432,"column":11}},"432":{"start":{"line":433,"column":0},"end":{"line":433,"column":21}},"433":{"start":{"line":434,"column":0},"end":{"line":434,"column":11}},"435":{"start":{"line":436,"column":0},"end":{"line":436,"column":39}},"436":{"start":{"line":437,"column":0},"end":{"line":437,"column":15}},"437":{"start":{"line":438,"column":0},"end":{"line":438,"column":21}},"438":{"start":{"line":439,"column":0},"end":{"line":439,"column":7}},"439":{"start":{"line":440,"column":0},"end":{"line":440,"column":5}},"441":{"start":{"line":442,"column":0},"end":{"line":442,"column":17}},"442":{"start":{"line":443,"column":0},"end":{"line":443,"column":3}},"444":{"start":{"line":445,"column":0},"end":{"line":445,"column":76}},"445":{"start":{"line":446,"column":0},"end":{"line":446,"column":38}},"446":{"start":{"line":447,"column":0},"end":{"line":447,"column":51}},"448":{"start":{"line":449,"column":0},"end":{"line":449,"column":24}},"449":{"start":{"line":450,"column":0},"end":{"line":450,"column":21}},"450":{"start":{"line":451,"column":0},"end":{"line":451,"column":5}},"452":{"start":{"line":453,"column":0},"end":{"line":453,"column":56}},"454":{"start":{"line":455,"column":0},"end":{"line":455,"column":62}},"455":{"start":{"line":456,"column":0},"end":{"line":456,"column":60}},"456":{"start":{"line":457,"column":0},"end":{"line":457,"column":49}},"457":{"start":{"line":458,"column":0},"end":{"line":458,"column":7}},"458":{"start":{"line":459,"column":0},"end":{"line":459,"column":5}},"460":{"start":{"line":461,"column":0},"end":{"line":461,"column":19}},"461":{"start":{"line":462,"column":0},"end":{"line":462,"column":3}},"463":{"start":{"line":464,"column":0},"end":{"line":464,"column":78}},"464":{"start":{"line":465,"column":0},"end":{"line":465,"column":38}},"465":{"start":{"line":466,"column":0},"end":{"line":466,"column":51}},"467":{"start":{"line":468,"column":0},"end":{"line":468,"column":24}},"468":{"start":{"line":469,"column":0},"end":{"line":469,"column":21}},"469":{"start":{"line":470,"column":0},"end":{"line":470,"column":5}},"471":{"start":{"line":472,"column":0},"end":{"line":472,"column":56}},"473":{"start":{"line":474,"column":0},"end":{"line":474,"column":62}},"474":{"start":{"line":475,"column":0},"end":{"line":475,"column":62}},"475":{"start":{"line":476,"column":0},"end":{"line":476,"column":49}},"476":{"start":{"line":477,"column":0},"end":{"line":477,"column":7}},"477":{"start":{"line":478,"column":0},"end":{"line":478,"column":5}},"479":{"start":{"line":480,"column":0},"end":{"line":480,"column":19}},"480":{"start":{"line":481,"column":0},"end":{"line":481,"column":3}},"482":{"start":{"line":483,"column":0},"end":{"line":483,"column":59}},"483":{"start":{"line":484,"column":0},"end":{"line":484,"column":28}},"484":{"start":{"line":485,"column":0},"end":{"line":485,"column":23}},"485":{"start":{"line":486,"column":0},"end":{"line":486,"column":5}},"488":{"start":{"line":489,"column":0},"end":{"line":489,"column":60}},"489":{"start":{"line":490,"column":0},"end":{"line":490,"column":42}},"491":{"start":{"line":492,"column":0},"end":{"line":492,"column":49}},"492":{"start":{"line":493,"column":0},"end":{"line":493,"column":34}},"493":{"start":{"line":494,"column":0},"end":{"line":494,"column":39}},"494":{"start":{"line":495,"column":0},"end":{"line":495,"column":30}},"495":{"start":{"line":496,"column":0},"end":{"line":496,"column":9}},"496":{"start":{"line":497,"column":0},"end":{"line":497,"column":7}},"497":{"start":{"line":498,"column":0},"end":{"line":498,"column":5}},"499":{"start":{"line":500,"column":0},"end":{"line":500,"column":18}},"500":{"start":{"line":501,"column":0},"end":{"line":501,"column":3}},"502":{"start":{"line":503,"column":0},"end":{"line":503,"column":55}},"503":{"start":{"line":504,"column":0},"end":{"line":504,"column":37}},"505":{"start":{"line":506,"column":0},"end":{"line":506,"column":29}},"506":{"start":{"line":507,"column":0},"end":{"line":507,"column":44}},"507":{"start":{"line":508,"column":0},"end":{"line":508,"column":5}},"509":{"start":{"line":510,"column":0},"end":{"line":510,"column":18}},"510":{"start":{"line":511,"column":0},"end":{"line":511,"column":3}},"511":{"start":{"line":512,"column":0},"end":{"line":512,"column":1}}},"s":{"7":1,"8":1,"9":1,"13":1,"14":1,"15":1,"20":1,"22":44,"25":44,"27":44,"28":44,"29":44,"30":44,"35":44,"37":43169,"38":1,"39":1,"40":43169,"41":1,"42":1,"45":43169,"46":84,"47":84,"49":43167,"52":43167,"55":43169,"56":20263,"57":20263,"60":43167,"63":43169,"64":21087,"65":21087,"67":43167,"68":43167,"69":43169,"74":44,"75":4,"76":4,"78":4,"80":0,"81":0,"82":0,"83":0,"86":0,"87":0,"88":0,"89":0,"90":4,"92":3,"93":3,"94":3,"95":3,"96":2,"97":2,"98":3,"99":3,"100":3,"103":4,"104":2,"105":2,"108":3,"109":3,"111":3,"112":3,"113":4,"114":4,"115":3,"117":0,"118":0,"119":0,"120":0,"121":0,"122":0,"123":3,"125":3,"126":3,"127":3,"128":4,"129":3,"131":3,"132":2,"133":2,"134":3,"135":4,"140":44,"141":2,"142":2,"145":2,"146":4,"148":4,"149":4,"150":4,"151":4,"152":4,"153":4,"154":4,"155":3,"156":3,"157":4,"158":4,"159":3,"160":3,"161":4,"162":4,"165":2,"166":2,"171":44,"172":54,"173":54,"174":6,"175":6,"177":54,"179":2,"180":2,"181":3,"182":3,"183":2,"184":2,"187":46,"190":54,"191":2,"192":2,"194":2,"195":2,"196":2,"197":2,"198":2,"199":2,"200":2,"202":54,"203":54,"208":44,"209":8,"210":0,"211":0,"213":8,"215":8,"216":14,"218":14,"219":14,"220":11,"221":11,"223":14,"224":1,"225":1,"227":14,"228":1,"229":1,"231":14,"232":1,"233":1,"235":14,"236":0,"237":14,"239":14,"240":14,"243":8,"244":6,"245":8,"246":2,"247":2,"248":8,"253":44,"254":1,"256":3,"257":3,"260":3,"261":0,"262":0,"263":0,"264":0,"265":0,"266":0,"267":3,"268":1,"273":44,"275":4,"276":4,"277":4,"278":4,"280":1,"283":4,"284":4,"285":4,"286":4,"287":4,"288":4,"289":4,"290":4,"291":4,"292":4,"295":4,"296":10,"297":10,"298":12,"299":12,"300":12,"301":10,"304":4,"305":10,"306":10,"308":4,"309":4,"314":44,"315":3,"316":2,"319":2,"320":2,"323":3,"324":8,"325":8,"326":9,"327":9,"328":9,"329":8,"330":8,"333":3,"334":8,"335":8,"336":3,"341":44,"342":1,"343":1,"345":1,"346":1,"347":2,"348":2,"350":1,"351":1,"352":2,"353":2,"355":1,"356":1,"357":1,"358":1,"359":1,"360":1,"361":1,"366":44,"367":1,"368":1,"373":44,"374":1,"375":1,"376":0,"377":0,"378":1,"379":1,"383":44,"385":43167,"386":2,"387":2,"388":43167,"389":1,"390":1,"391":43164,"392":43167,"394":44,"395":8,"396":8,"397":8,"399":8,"400":8,"401":0,"402":8,"403":0,"404":8,"405":8,"406":8,"408":8,"409":8,"411":44,"413":43217,"414":4,"415":4,"416":43217,"417":2,"418":2,"421":43217,"422":5,"424":5,"425":5,"426":15,"427":6,"428":1,"429":1,"430":5,"431":5,"432":14,"433":5,"435":5,"436":5,"437":0,"438":0,"439":5,"441":43206,"442":43217,"444":44,"445":1,"446":1,"448":1,"449":0,"450":0,"452":1,"454":1,"455":3,"456":2,"457":2,"458":3,"460":1,"461":1,"463":44,"464":1,"465":1,"467":1,"468":0,"469":0,"471":1,"473":1,"474":3,"475":2,"476":2,"477":3,"479":1,"480":1,"482":44,"483":6,"484":0,"485":0,"488":6,"489":6,"491":6,"492":4,"493":175,"494":136,"495":136,"496":175,"497":4,"499":6,"500":6,"502":44,"503":2,"505":2,"506":4,"507":4,"509":2,"510":2,"511":44},"branchMap":{"0":{"type":"branch","line":21,"loc":{"start":{"line":21,"column":28},"end":{"line":512,"column":1}},"locations":[{"start":{"line":21,"column":28},"end":{"line":512,"column":1}}]},"1":{"type":"branch","line":28,"loc":{"start":{"line":28,"column":2},"end":{"line":31,"column":3}},"locations":[{"start":{"line":28,"column":2},"end":{"line":31,"column":3}}]},"2":{"type":"branch","line":36,"loc":{"start":{"line":36,"column":2},"end":{"line":70,"column":3}},"locations":[{"start":{"line":36,"column":2},"end":{"line":70,"column":3}}]},"3":{"type":"branch","line":38,"loc":{"start":{"line":38,"column":19},"end":{"line":40,"column":5}},"locations":[{"start":{"line":38,"column":19},"end":{"line":40,"column":5}}]},"4":{"type":"branch","line":40,"loc":{"start":{"line":40,"column":4},"end":{"line":41,"column":20}},"locations":[{"start":{"line":40,"column":4},"end":{"line":41,"column":20}}]},"5":{"type":"branch","line":41,"loc":{"start":{"line":41,"column":20},"end":{"line":43,"column":5}},"locations":[{"start":{"line":41,"column":20},"end":{"line":43,"column":5}}]},"6":{"type":"branch","line":43,"loc":{"start":{"line":43,"column":4},"end":{"line":46,"column":36}},"locations":[{"start":{"line":43,"column":4},"end":{"line":46,"column":36}}]},"7":{"type":"branch","line":46,"loc":{"start":{"line":46,"column":36},"end":{"line":48,"column":5}},"locations":[{"start":{"line":46,"column":36},"end":{"line":48,"column":5}}]},"8":{"type":"branch","line":48,"loc":{"start":{"line":48,"column":4},"end":{"line":56,"column":44}},"locations":[{"start":{"line":48,"column":4},"end":{"line":56,"column":44}}]},"9":{"type":"branch","line":56,"loc":{"start":{"line":56,"column":44},"end":{"line":58,"column":5}},"locations":[{"start":{"line":56,"column":44},"end":{"line":58,"column":5}}]},"10":{"type":"branch","line":58,"loc":{"start":{"line":58,"column":4},"end":{"line":64,"column":46}},"locations":[{"start":{"line":58,"column":4},"end":{"line":64,"column":46}}]},"11":{"type":"branch","line":64,"loc":{"start":{"line":64,"column":46},"end":{"line":66,"column":5}},"locations":[{"start":{"line":64,"column":46},"end":{"line":66,"column":5}}]},"12":{"type":"branch","line":66,"loc":{"start":{"line":66,"column":4},"end":{"line":69,"column":50}},"locations":[{"start":{"line":66,"column":4},"end":{"line":69,"column":50}}]},"13":{"type":"branch","line":75,"loc":{"start":{"line":75,"column":2},"end":{"line":136,"column":3}},"locations":[{"start":{"line":75,"column":2},"end":{"line":136,"column":3}}]},"14":{"type":"branch","line":77,"loc":{"start":{"line":77,"column":23},"end":{"line":77,"column":30}},"locations":[{"start":{"line":77,"column":23},"end":{"line":77,"column":30}}]},"15":{"type":"branch","line":77,"loc":{"start":{"line":77,"column":23},"end":{"line":79,"column":29}},"locations":[{"start":{"line":77,"column":23},"end":{"line":79,"column":29}}]},"16":{"type":"branch","line":79,"loc":{"start":{"line":79,"column":29},"end":{"line":91,"column":11}},"locations":[{"start":{"line":79,"column":29},"end":{"line":91,"column":11}}]},"17":{"type":"branch","line":91,"loc":{"start":{"line":91,"column":4},"end":{"line":104,"column":33}},"locations":[{"start":{"line":91,"column":4},"end":{"line":104,"column":33}}]},"18":{"type":"branch","line":96,"loc":{"start":{"line":96,"column":36},"end":{"line":98,"column":11}},"locations":[{"start":{"line":96,"column":36},"end":{"line":98,"column":11}}]},"19":{"type":"branch","line":104,"loc":{"start":{"line":104,"column":33},"end":{"line":106,"column":5}},"locations":[{"start":{"line":104,"column":33},"end":{"line":106,"column":5}}]},"20":{"type":"branch","line":106,"loc":{"start":{"line":106,"column":4},"end":{"line":135,"column":5}},"locations":[{"start":{"line":106,"column":4},"end":{"line":135,"column":5}}]},"21":{"type":"branch","line":113,"loc":{"start":{"line":113,"column":41},"end":{"line":129,"column":7}},"locations":[{"start":{"line":113,"column":41},"end":{"line":129,"column":7}}]},"22":{"type":"branch","line":115,"loc":{"start":{"line":115,"column":35},"end":{"line":128,"column":9}},"locations":[{"start":{"line":115,"column":35},"end":{"line":128,"column":9}}]},"23":{"type":"branch","line":116,"loc":{"start":{"line":116,"column":35},"end":{"line":124,"column":17}},"locations":[{"start":{"line":116,"column":35},"end":{"line":124,"column":17}}]},"24":{"type":"branch","line":132,"loc":{"start":{"line":132,"column":34},"end":{"line":134,"column":7}},"locations":[{"start":{"line":132,"column":34},"end":{"line":134,"column":7}}]},"25":{"type":"branch","line":130,"loc":{"start":{"line":130,"column":23},"end":{"line":130,"column":55}},"locations":[{"start":{"line":130,"colu
[...]
,"/workspaces/corticai/app/src/mastra/agents/weather-agent.ts": {"path":"/workspaces/corticai/app/src/mastra/agents/weather-agent.ts","all":true,"statementMap":{"0":{"start":{"line":1,"column":0},"end":{"line":1,"column":63}},"1":{"start":{"line":2,"column":0},"end":{"line":2,"column":43}},"2":{"start":{"line":3,"column":0},"end":{"line":3,"column":40}},"3":{"start":{"line":4,"column":0},"end":{"line":4,"column":45}},"4":{"start":{"line":5,"column":0},"end":{"line":5,"column":52}},"7":{"start":{"line":8,"column":0},"end":{"line":8,"column":37}},"8":{"start":{"line":9,"column":0},"end":{"line":9,"column":41}},"9":{"start":{"line":10,"column":0},"end":{"line":10,"column":41}},"10":{"start":{"line":11,"column":0},"end":{"line":11,"column":3}},"12":{"start":{"line":13,"column":0},"end":{"line":13,"column":39}},"13":{"start":{"line":14,"column":0},"end":{"line":14,"column":24}},"14":{"start":{"line":15,"column":0},"end":{"line":15,"column":17}},"26":{"start":{"line":27,"column":0},"end":{"line":27,"column":55}},"27":{"start":{"line":28,"column":0},"end":{"line":28,"column":25}},"28":{"start":{"line":29,"column":0},"end":{"line":29,"column":22}},"29":{"start":{"line":30,"column":0},"end":{"line":30,"column":30}},"30":{"start":{"line":31,"column":0},"end":{"line":31,"column":83}},"31":{"start":{"line":32,"column":0},"end":{"line":32,"column":7}},"32":{"start":{"line":33,"column":0},"end":{"line":33,"column":5}},"33":{"start":{"line":34,"column":0},"end":{"line":34,"column":3}}},"s":{"0":0,"1":0,"2":0,"3":0,"4":0,"7":0,"8":0,"9":0,"10":0,"12":0,"13":0,"14":0,"26":0,"27":0,"28":0,"29":0,"30":0,"31":0,"32":0,"33":0},"branchMap":{"0":{"type":"branch","line":1,"loc":{"start":{"line":1,"column":1369},"end":{"line":34,"column":3}},"locations":[{"start":{"line":1,"column":1369},"end":{"line":34,"column":3}}]}},"b":{"0":[0]},"fnMap":{"0":{"name":"(empty-report)","decl":{"start":{"line":1,"column":1369},"end":{"line":34,"column":3}},"loc":{"start":{"line":1,"column":1369},"end":{"line":34,"column":3}},"line":1}},"f":{"0":0}}
,"/workspaces/corticai/app/src/mastra/tools/weather-tool.ts": {"path":"/workspaces/corticai/app/src/mastra/tools/weather-tool.ts","all":true,"statementMap":{"0":{"start":{"line":1,"column":0},"end":{"line":1,"column":48}},"1":{"start":{"line":2,"column":0},"end":{"line":2,"column":24}},"22":{"start":{"line":23,"column":0},"end":{"line":23,"column":39}},"23":{"start":{"line":24,"column":0},"end":{"line":24,"column":20}},"24":{"start":{"line":25,"column":0},"end":{"line":25,"column":52}},"25":{"start":{"line":26,"column":0},"end":{"line":26,"column":25}},"26":{"start":{"line":27,"column":0},"end":{"line":27,"column":47}},"27":{"start":{"line":28,"column":0},"end":{"line":28,"column":5}},"28":{"start":{"line":29,"column":0},"end":{"line":29,"column":26}},"29":{"start":{"line":30,"column":0},"end":{"line":30,"column":28}},"30":{"start":{"line":31,"column":0},"end":{"line":31,"column":26}},"31":{"start":{"line":32,"column":0},"end":{"line":32,"column":25}},"32":{"start":{"line":33,"column":0},"end":{"line":33,"column":26}},"33":{"start":{"line":34,"column":0},"end":{"line":34,"column":25}},"34":{"start":{"line":35,"column":0},"end":{"line":35,"column":27}},"35":{"start":{"line":36,"column":0},"end":{"line":36,"column":25}},"36":{"start":{"line":37,"column":0},"end":{"line":37,"column":5}},"37":{"start":{"line":38,"column":0},"end":{"line":38,"column":35}},"38":{"start":{"line":39,"column":0},"end":{"line":39,"column":46}},"39":{"start":{"line":40,"column":0},"end":{"line":40,"column":4}},"40":{"start":{"line":41,"column":0},"end":{"line":41,"column":3}},"42":{"start":{"line":43,"column":0},"end":{"line":43,"column":48}},"43":{"start":{"line":44,"column":0},"end":{"line":44,"column":117}},"44":{"start":{"line":45,"column":0},"end":{"line":45,"column":54}},"45":{"start":{"line":46,"column":0},"end":{"line":46,"column":78}},"47":{"start":{"line":48,"column":0},"end":{"line":48,"column":36}},"48":{"start":{"line":49,"column":0},"end":{"line":49,"column":56}},"49":{"start":{"line":50,"column":0},"end":{"line":50,"column":3}},"51":{"start":{"line":52,"column":0},"end":{"line":52,"column":65}},"53":{"start":{"line":54,"column":0},"end":{"line":54,"column":214}},"55":{"start":{"line":56,"column":0},"end":{"line":56,"column":43}},"56":{"start":{"line":57,"column":0},"end":{"line":57,"column":58}},"58":{"start":{"line":59,"column":0},"end":{"line":59,"column":10}},"59":{"start":{"line":60,"column":0},"end":{"line":60,"column":45}},"60":{"start":{"line":61,"column":0},"end":{"line":61,"column":49}},"61":{"start":{"line":62,"column":0},"end":{"line":62,"column":48}},"62":{"start":{"line":63,"column":0},"end":{"line":63,"column":43}},"63":{"start":{"line":64,"column":0},"end":{"line":64,"column":42}},"64":{"start":{"line":65,"column":0},"end":{"line":65,"column":63}},"65":{"start":{"line":66,"column":0},"end":{"line":66,"column":19}},"66":{"start":{"line":67,"column":0},"end":{"line":67,"column":4}},"67":{"start":{"line":68,"column":0},"end":{"line":68,"column":2}},"69":{"start":{"line":70,"column":0},"end":{"line":70,"column":52}},"70":{"start":{"line":71,"column":0},"end":{"line":71,"column":46}},"71":{"start":{"line":72,"column":0},"end":{"line":72,"column":19}},"72":{"start":{"line":73,"column":0},"end":{"line":73,"column":22}},"73":{"start":{"line":74,"column":0},"end":{"line":74,"column":23}},"74":{"start":{"line":75,"column":0},"end":{"line":75,"column":18}},"75":{"start":{"line":76,"column":0},"end":{"line":76,"column":16}},"76":{"start":{"line":77,"column":0},"end":{"line":77,"column":30}},"77":{"start":{"line":78,"column":0},"end":{"line":78,"column":24}},"78":{"start":{"line":79,"column":0},"end":{"line":79,"column":27}},"79":{"start":{"line":80,"column":0},"end":{"line":80,"column":24}},"80":{"start":{"line":81,"column":0},"end":{"line":81,"column":33}},"81":{"start":{"line":82,"column":0},"end":{"line":82,"column":33}},"82":{"start":{"line":83,"column":0},"end":{"line":83,"column":22}},"83":{"start":{"line":84,"column":0},"end":{"line":84,"column":24}},"84":{"start":{"line":85,"column":0},"end":{"line":85,"column":21}},"85":{"start":{"line":86,"column":0},"end":{"line":86,"column":30}},"86":{"start":{"line":87,"column":0},"end":{"line":87,"column":30}},"87":{"start":{"line":88,"column":0},"end":{"line":88,"column":27}},"88":{"start":{"line":89,"column":0},"end":{"line":89,"column":29}},"89":{"start":{"line":90,"column":0},"end":{"line":90,"column":26}},"90":{"start":{"line":91,"column":0},"end":{"line":91,"column":22}},"91":{"start":{"line":92,"column":0},"end":{"line":92,"column":30}},"92":{"start":{"line":93,"column":0},"end":{"line":93,"column":32}},"93":{"start":{"line":94,"column":0},"end":{"line":94,"column":31}},"94":{"start":{"line":95,"column":0},"end":{"line":95,"column":30}},"95":{"start":{"line":96,"column":0},"end":{"line":96,"column":29}},"96":{"start":{"line":97,"column":0},"end":{"line":97,"column":23}},"97":{"start":{"line":98,"column":0},"end":{"line":98,"column":40}},"98":{"start":{"line":99,"column":0},"end":{"line":99,"column":39}},"99":{"start":{"line":100,"column":0},"end":{"line":100,"column":4}},"100":{"start":{"line":101,"column":0},"end":{"line":101,"column":39}},"101":{"start":{"line":102,"column":0},"end":{"line":102,"column":1}}},"s":{"0":0,"1":0,"22":0,"23":0,"24":0,"25":0,"26":0,"27":0,"28":0,"29":0,"30":0,"31":0,"32":0,"33":0,"34":0,"35":0,"36":0,"37":0,"38":0,"39":0,"40":0,"42":0,"43":0,"44":0,"45":0,"47":0,"48":0,"49":0,"51":0,"53":0,"55":0,"56":0,"58":0,"59":0,"60":0,"61":0,"62":0,"63":0,"64":0,"65":0,"66":0,"67":0,"69":0,"70":0,"71":0,"72":0,"73":0,"74":0,"75":0,"76":0,"77":0,"78":0,"79":0,"80":0,"81":0,"82":0,"83":0,"84":0,"85":0,"86":0,"87":0,"88":0,"89":0,"90":0,"91":0,"92":0,"93":0,"94":0,"95":0,"96":0,"97":0,"98":0,"99":0,"100":0,"101":0},"branchMap":{"0":{"type":"branch","line":1,"loc":{"start":{"line":1,"column":2996},"end":{"line":102,"column":1}},"locations":[{"start":{"line":1,"column":2996},"end":{"line":102,"column":1}}]}},"b":{"0":[0]},"fnMap":{"0":{"name":"(empty-report)","decl":{"start":{"line":1,"column":2996},"end":{"line":102,"column":1}},"loc":{"start":{"line":1,"column":2996},"end":{"line":102,"column":1}},"line":1}},"f":{"0":0}}
,"/workspaces/corticai/app/src/mastra/workflows/weather-workflow.ts": {"path":"/workspaces/corticai/app/src/mastra/workflows/weather-workflow.ts","all":true,"statementMap":{"0":{"start":{"line":1,"column":0},"end":{"line":1,"column":40}},"1":{"start":{"line":2,"column":0},"end":{"line":2,"column":43}},"2":{"start":{"line":3,"column":0},"end":{"line":3,"column":68}},"3":{"start":{"line":4,"column":0},"end":{"line":4,"column":24}},"5":{"start":{"line":6,"column":0},"end":{"line":6,"column":34}},"7":{"start":{"line":8,"column":0},"end":{"line":8,"column":25}},"8":{"start":{"line":9,"column":0},"end":{"line":9,"column":24}},"9":{"start":{"line":10,"column":0},"end":{"line":10,"column":13}},"10":{"start":{"line":11,"column":0},"end":{"line":11,"column":17}},"53":{"start":{"line":54,"column":0},"end":{"line":54,"column":3}},"55":{"start":{"line":56,"column":0},"end":{"line":56,"column":33}},"56":{"start":{"line":57,"column":0},"end":{"line":57,"column":19}},"57":{"start":{"line":58,"column":0},"end":{"line":58,"column":22}},"58":{"start":{"line":59,"column":0},"end":{"line":59,"column":22}},"59":{"start":{"line":60,"column":0},"end":{"line":60,"column":34}},"60":{"start":{"line":61,"column":0},"end":{"line":61,"column":24}},"61":{"start":{"line":62,"column":0},"end":{"line":62,"column":23}},"62":{"start":{"line":63,"column":0},"end":{"line":63,"column":3}},"64":{"start":{"line":65,"column":0},"end":{"line":65,"column":52}},"65":{"start":{"line":66,"column":0},"end":{"line":66,"column":46}},"66":{"start":{"line":67,"column":0},"end":{"line":67,"column":19}},"67":{"start":{"line":68,"column":0},"end":{"line":68,"column":22}},"68":{"start":{"line":69,"column":0},"end":{"line":69,"column":23}},"69":{"start":{"line":70,"column":0},"end":{"line":70,"column":18}},"70":{"start":{"line":71,"column":0},"end":{"line":71,"column":16}},"71":{"start":{"line":72,"column":0},"end":{"line":72,"column":30}},"72":{"start":{"line":73,"column":0},"end":{"line":73,"column":24}},"73":{"start":{"line":74,"column":0},"end":{"line":74,"column":27}},"74":{"start":{"line":75,"column":0},"end":{"line":75,"column":24}},"75":{"start":{"line":76,"column":0},"end":{"line":76,"column":22}},"76":{"start":{"line":77,"column":0},"end":{"line":77,"column":24}},"77":{"start":{"line":78,"column":0},"end":{"line":78,"column":21}},"78":{"start":{"line":79,"column":0},"end":{"line":79,"column":27}},"79":{"start":{"line":80,"column":0},"end":{"line":80,"column":29}},"80":{"start":{"line":81,"column":0},"end":{"line":81,"column":26}},"81":{"start":{"line":82,"column":0},"end":{"line":82,"column":23}},"82":{"start":{"line":83,"column":0},"end":{"line":83,"column":4}},"83":{"start":{"line":84,"column":0},"end":{"line":84,"column":39}},"84":{"start":{"line":85,"column":0},"end":{"line":85,"column":1}},"86":{"start":{"line":87,"column":0},"end":{"line":87,"column":33}},"87":{"start":{"line":88,"column":0},"end":{"line":88,"column":22}},"88":{"start":{"line":89,"column":0},"end":{"line":89,"column":59}},"89":{"start":{"line":90,"column":0},"end":{"line":90,"column":25}},"90":{"start":{"line":91,"column":0},"end":{"line":91,"column":65}},"91":{"start":{"line":92,"column":0},"end":{"line":92,"column":5}},"92":{"start":{"line":93,"column":0},"end":{"line":93,"column":31}},"93":{"start":{"line":94,"column":0},"end":{"line":94,"column":37}},"94":{"start":{"line":95,"column":0},"end":{"line":95,"column":21}},"95":{"start":{"line":96,"column":0},"end":{"line":96,"column":46}},"96":{"start":{"line":97,"column":0},"end":{"line":97,"column":5}},"98":{"start":{"line":99,"column":0},"end":{"line":99,"column":125}},"99":{"start":{"line":100,"column":0},"end":{"line":100,"column":56}},"100":{"start":{"line":101,"column":0},"end":{"line":101,"column":63}},"104":{"start":{"line":105,"column":0},"end":{"line":105,"column":38}},"105":{"start":{"line":106,"column":0},"end":{"line":106,"column":64}},"106":{"start":{"line":107,"column":0},"end":{"line":107,"column":5}},"108":{"start":{"line":109,"column":0},"end":{"line":109,"column":67}},"110":{"start":{"line":111,"column":0},"end":{"line":111,"column":205}},"111":{"start":{"line":112,"column":0},"end":{"line":112,"column":45}},"112":{"start":{"line":113,"column":0},"end":{"line":113,"column":45}},"124":{"start":{"line":125,"column":0},"end":{"line":125,"column":22}},"125":{"start":{"line":126,"column":0},"end":{"line":126,"column":37}},"126":{"start":{"line":127,"column":0},"end":{"line":127,"column":55}},"127":{"start":{"line":128,"column":0},"end":{"line":128,"column":55}},"128":{"start":{"line":129,"column":0},"end":{"line":129,"column":63}},"129":{"start":{"line":130,"column":0},"end":{"line":130,"column":72}},"130":{"start":{"line":131,"column":0},"end":{"line":131,"column":43}},"131":{"start":{"line":132,"column":0},"end":{"line":132,"column":10}},"132":{"start":{"line":133,"column":0},"end":{"line":133,"column":8}},"133":{"start":{"line":134,"column":0},"end":{"line":134,"column":21}},"134":{"start":{"line":135,"column":0},"end":{"line":135,"column":6}},"136":{"start":{"line":137,"column":0},"end":{"line":137,"column":20}},"137":{"start":{"line":138,"column":0},"end":{"line":138,"column":4}},"138":{"start":{"line":139,"column":0},"end":{"line":139,"column":3}},"140":{"start":{"line":141,"column":0},"end":{"line":141,"column":35}},"141":{"start":{"line":142,"column":0},"end":{"line":142,"column":24}},"142":{"start":{"line":143,"column":0},"end":{"line":143,"column":65}},"143":{"start":{"line":144,"column":0},"end":{"line":144,"column":30}},"144":{"start":{"line":145,"column":0},"end":{"line":145,"column":26}},"145":{"start":{"line":146,"column":0},"end":{"line":146,"column":27}},"146":{"start":{"line":147,"column":0},"end":{"line":147,"column":5}},"147":{"start":{"line":148,"column":0},"end":{"line":148,"column":37}},"148":{"start":{"line":149,"column":0},"end":{"line":149,"column":31}},"150":{"start":{"line":151,"column":0},"end":{"line":151,"column":20}},"151":{"start":{"line":152,"column":0},"end":{"line":152,"column":49}},"152":{"start":{"line":153,"column":0},"end":{"line":153,"column":5}},"154":{"start":{"line":155,"column":0},"end":{"line":155,"column":117}},"155":{"start":{"line":156,"column":0},"end":{"line":156,"column":42}},"158":{"start":{"line":159,"column":0},"end":{"line":159,"column":41}},"159":{"start":{"line":160,"column":0},"end":{"line":160,"column":7}},"160":{"start":{"line":161,"column":0},"end":{"line":161,"column":21}},"161":{"start":{"line":162,"column":0},"end":{"line":162,"column":24}},"162":{"start":{"line":163,"column":0},"end":{"line":163,"column":8}},"163":{"start":{"line":164,"column":0},"end":{"line":164,"column":7}},"165":{"start":{"line":166,"column":0},"end":{"line":166,"column":28}},"167":{"start":{"line":168,"column":0},"end":{"line":168,"column":52}},"168":{"start":{"line":169,"column":0},"end":{"line":169,"column":34}},"169":{"start":{"line":170,"column":0},"end":{"line":170,"column":30}},"170":{"start":{"line":171,"column":0},"end":{"line":171,"column":5}},"172":{"start":{"line":173,"column":0},"end":{"line":173,"column":12}},"173":{"start":{"line":174,"column":0},"end":{"line":174,"column":33}},"174":{"start":{"line":175,"column":0},"end":{"line":175,"column":6}},"175":{"start":{"line":176,"column":0},"end":{"line":176,"column":4}},"176":{"start":{"line":177,"column":0},"end":{"line":177,"column":3}},"178":{"start":{"line":179,"column":0},"end":{"line":179,"column":40}},"179":{"start":{"line":180,"column":0},"end":{"line":180,"column":25}},"180":{"start":{"line":181,"column":0},"end":{"line":181,"column":25}},"181":{"start":{"line":182,"column":0},"end":{"line":182,"column":65}},"182":{"start":{"line":183,"column":0},"end":{"line":183,"column":5}},"183":{"start":{"line":184,"column":0},"end":{"line":184,"column":26}},"184":{"start":{"line":185,"column":0},"end":{"line":185,"column":27}},"185":{"start":{"line":186,"column":0},"end":{"line":186,"column":5}},"186":{"start":{"line":187,"column":0},"end":{"line":187,"column":2}},"187":{"start":{"line":188,"column":0},"end":{"line":188,"column":21}},"188":{"start":{"line":189,"column":0},"end":{"line":189,"column":24}},"190":{"start":{"line":191,"column":0},"end":{"line":191,"column":25}}},"s":{"0":0,"1":0,"2":0,"3":0,"5":0,"7":0,"8":0,"9":0,"10":0,"53":0,"55":0,"56":0,"57":0,"58":0,"59":0,"60":0,"61":0,"62":0,"64":0,"65":0,"66":0,"67":0,"68":0,"69":0,"70":0,"71":0,"72":0,"73":0,"74":0,"75":0,"76":0,"77":0,"78":0,"79":0,"80":0,"81":0,"82":0,"83":0,"84":0,"86":0,"87":0,"88":0,"89":0,"90":0,"91":0,"92":0,"93":0,"94":0,"95":0,"96":0,"98":0,"99":0,"100":0,"104":0,"105":0,"106":0,"108":0,"110":0,"111":0,"112":0,"124":0,"125":0,"126":0,"127":0,"128":0,"129":0,"130":0,"131":0,"132":0,"133":0,"134":0,"136":0,"137":0,"138":0,"140":0,"141":0,"142":0,"143":0,"144":0,"145":0,"146":0,"147":0,"148":0,"150":0,"151":0,"152":0,"154":0,"155":0,"158":0,"159":0,"160":0,"161":0,"162":0,"163":0,"165":0,"167":0,"168":0,"169":0,"170":0,"172":0,"173":0,"174":0,"175":0,"176":0,"178":0,"179":0,"180":0,"181":0,"182":0,"183":0,"184":0,"185":0,"186":0,"187":0,"188":0,"190":0},"branchMap":{"0":{"type":"branch","line":1,"loc":{"start":{"line":1,"column":5798},"end":{"line":193,"column":27}},"locations":[{"start":{"line":1,"column":5798},"end":{"line":193,"column":27}}]}},"b":{"0":[0]},"fnMap":{"0":{"name":"(empty-report)","decl":{"start":{"line":1,"column":5798},"end":{"line":193,"column":27}},"loc":{"start":{"line":1,"column":5798},"end":{"line":193,"column":27}},"line":1}},"f":{"0":0}}
,"/workspaces/corticai/app/src/types/entity.ts": {"path":"/workspaces/corticai/app/src/types/entity.ts","all":true,"statementMap":{},"s":{},"branchMap":{"0":{"type":"branch","line":1,"loc":{"start":{"line":1,"column":2814},"end":{"line":125,"column":1}},"locations":[{"start":{"line":1,"column":2814},"end":{"line":125,"column":1}}]}},"b":{"0":[1]},"fnMap":{"0":{"name":"(empty-report)","decl":{"start":{"line":1,"column":2814},"end":{"line":125,"column":1}},"loc":{"start":{"line":1,"column":2814},"end":{"line":125,"column":1}},"line":1}},"f":{"0":1}}
}
